   Compiling my_rust_os v0.1.0 (/home/sharon/my-rust-os)
warning: unnecessary parentheses around assigned value
  --> src/main.rs:60:46
   |
60 |             *vga_buffer.offset(i as isize) = (0x0F00 | byte as u16);
   |                                              ^                    ^
   |
   = note: `#[warn(unused_parens)]` (part of `#[warn(unused)]`) on by default
help: remove these parentheses
   |
60 -             *vga_buffer.offset(i as isize) = (0x0F00 | byte as u16);
60 +             *vga_buffer.offset(i as isize) = 0x0F00 | byte as u16;
   |

warning: unnecessary parentheses around assigned value
  --> src/main.rs:67:57
   |
67 | ...* 2 + i) as isize) = (0x0F00 | byte as u16);
   |                         ^                    ^
   |
help: remove these parentheses
   |
67 -             *vga_buffer.offset((80 * 2 + i) as isize) = (0x0F00 | byte as u16);
67 +             *vga_buffer.offset((80 * 2 + i) as isize) = 0x0F00 | byte as u16;
   |

error: linking with `cc` failed: exit status: 1
  |
  = note:  "cc" "/home/sharon/my-rust-os/target/i686-my_rust_os/debug/deps/rustcNwpaJH/symbols.o" "<11 object files omitted>" "-Wl,--as-needed" "-Wl,-Bstatic" "/home/sharon/my-rust-os/target/i686-my_rust_os/debug/deps/{libcore-93390be41a2aa0c1,libcompiler_builtins-2355259cd6315ccd}.rlib" "-L" "/home/sharon/my-rust-os/target/i686-my_rust_os/debug/deps/rustcNwpaJH/raw-dylibs" "-Wl,-Bdynamic" "-Wl,--eh-frame-hdr" "-Wl,-z,noexecstack" "-o" "/home/sharon/my-rust-os/target/i686-my_rust_os/debug/deps/my_rust_os-bd42007e863fdc37" "-Wl,--gc-sections" "-no-pie" "-nodefaultlibs"
  = note: some arguments are omitted. use `--verbose` to show all linker arguments
  = note: /usr/bin/ld: /home/sharon/my-rust-os/target/i686-my_rust_os/debug/deps/my_rust_os-bd42007e863fdc37.dg1fljzw6vybi1o8mtxj8m9kk.1cqu7ad.rcgu.o: in function `_start':
          /home/sharon/my-rust-os/src/main.rs:38: multiple definition of `_start'; /usr/lib/gcc/x86_64-linux-gnu/13/../../../x86_64-linux-gnu/crt1.o:(.text+0x0): first defined here
          /usr/bin/ld: i386 architecture of input file `/home/sharon/my-rust-os/target/i686-my_rust_os/debug/deps/rustcNwpaJH/symbols.o' is incompatible with i386:x86-64 output
          /usr/bin/ld: i386 architecture of input file `/home/sharon/my-rust-os/target/i686-my_rust_os/debug/deps/my_rust_os-bd42007e863fdc37.0054fhquwe9rz6wq1jle1hlv3.1cqu7ad.rcgu.o' is incompatible with i386:x86-64 output
          /usr/bin/ld: i386 architecture of input file `/home/sharon/my-rust-os/target/i686-my_rust_os/debug/deps/my_rust_os-bd42007e863fdc37.16n70287k2rv2lp4wiglban4z.1cqu7ad.rcgu.o' is incompatible with i386:x86-64 output
          /usr/bin/ld: i386 architecture of input file `/home/sharon/my-rust-os/target/i686-my_rust_os/debug/deps/my_rust_os-bd42007e863fdc37.20grfxvr8swxmuv5eic85tnhj.1cqu7ad.rcgu.o' is incompatible with i386:x86-64 output
          /usr/bin/ld: i386 architecture of input file `/home/sharon/my-rust-os/target/i686-my_rust_os/debug/deps/my_rust_os-bd42007e863fdc37.2u10kx69psv8ucu3asmaryag5.1cqu7ad.rcgu.o' is incompatible with i386:x86-64 output
          /usr/bin/ld: i386 architecture of input file `/home/sharon/my-rust-os/target/i686-my_rust_os/debug/deps/my_rust_os-bd42007e863fdc37.55a3kkesqtey3q5ayfyik87bi.1cqu7ad.rcgu.o' is incompatible with i386:x86-64 output
          /usr/bin/ld: i386 architecture of input file `/home/sharon/my-rust-os/target/i686-my_rust_os/debug/deps/my_rust_os-bd42007e863fdc37.5qklsq3uwu76ov6x8j9n2ekvq.1cqu7ad.rcgu.o' is incompatible with i386:x86-64 output
          /usr/bin/ld: i386 architecture of input file `/home/sharon/my-rust-os/target/i686-my_rust_os/debug/deps/my_rust_os-bd42007e863fdc37.8nuwzcxudaexht8mz3az8y27p.1cqu7ad.rcgu.o' is incompatible with i386:x86-64 output
          /usr/bin/ld: i386 architecture of input file `/home/sharon/my-rust-os/target/i686-my_rust_os/debug/deps/my_rust_os-bd42007e863fdc37.aw27jgv0mdcudv1uo24xcqpu7.1cqu7ad.rcgu.o' is incompatible with i386:x86-64 output
          /usr/bin/ld: i386 architecture of input file `/home/sharon/my-rust-os/target/i686-my_rust_os/debug/deps/my_rust_os-bd42007e863fdc37.bahwiwvu2nl2zxsaswwi4g76a.1cqu7ad.rcgu.o' is incompatible with i386:x86-64 output
          /usr/bin/ld: i386 architecture of input file `/home/sharon/my-rust-os/target/i686-my_rust_os/debug/deps/my_rust_os-bd42007e863fdc37.dg1fljzw6vybi1o8mtxj8m9kk.1cqu7ad.rcgu.o' is incompatible with i386:x86-64 output
          /usr/bin/ld: i386 architecture of input file `/home/sharon/my-rust-os/target/i686-my_rust_os/debug/deps/my_rust_os-bd42007e863fdc37.edgv8jienwx35o2a9aub2j09v.1cqu7ad.rcgu.o' is incompatible with i386:x86-64 output
          /usr/bin/ld: i386 architecture of input file `/home/sharon/my-rust-os/target/i686-my_rust_os/debug/deps/libcore-93390be41a2aa0c1.rlib(core-93390be41a2aa0c1.core.562a9aaaf6e26a52-cgu.02.rcgu.o)' is incompatible with i386:x86-64 output
          /usr/bin/ld: i386 architecture of input file `/home/sharon/my-rust-os/target/i686-my_rust_os/debug/deps/libcore-93390be41a2aa0c1.rlib(core-93390be41a2aa0c1.core.562a9aaaf6e26a52-cgu.04.rcgu.o)' is incompatible with i386:x86-64 output
          /usr/bin/ld: i386 architecture of input file `/home/sharon/my-rust-os/target/i686-my_rust_os/debug/deps/libcore-93390be41a2aa0c1.rlib(core-93390be41a2aa0c1.core.562a9aaaf6e26a52-cgu.05.rcgu.o)' is incompatible with i386:x86-64 output
          /usr/bin/ld: i386 architecture of input file `/home/sharon/my-rust-os/target/i686-my_rust_os/debug/deps/libcore-93390be41a2aa0c1.rlib(core-93390be41a2aa0c1.core.562a9aaaf6e26a52-cgu.06.rcgu.o)' is incompatible with i386:x86-64 output
          /usr/bin/ld: i386 architecture of input file `/home/sharon/my-rust-os/target/i686-my_rust_os/debug/deps/libcore-93390be41a2aa0c1.rlib(core-93390be41a2aa0c1.core.562a9aaaf6e26a52-cgu.07.rcgu.o)' is incompatible with i386:x86-64 output
          /usr/bin/ld: i386 architecture of input file `/home/sharon/my-rust-os/target/i686-my_rust_os/debug/deps/libcore-93390be41a2aa0c1.rlib(core-93390be41a2aa0c1.core.562a9aaaf6e26a52-cgu.08.rcgu.o)' is incompatible with i386:x86-64 output
          /usr/bin/ld: i386 architecture of input file `/home/sharon/my-rust-os/target/i686-my_rust_os/debug/deps/libcore-93390be41a2aa0c1.rlib(core-93390be41a2aa0c1.core.562a9aaaf6e26a52-cgu.09.rcgu.o)' is incompatible with i386:x86-64 output
          /usr/bin/ld: i386 architecture of input file `/home/sharon/my-rust-os/target/i686-my_rust_os/debug/deps/libcore-93390be41a2aa0c1.rlib(core-93390be41a2aa0c1.core.562a9aaaf6e26a52-cgu.10.rcgu.o)' is incompatible with i386:x86-64 output
          /usr/bin/ld: i386 architecture of input file `/home/sharon/my-rust-os/target/i686-my_rust_os/debug/deps/libcore-93390be41a2aa0c1.rlib(core-93390be41a2aa0c1.core.562a9aaaf6e26a52-cgu.11.rcgu.o)' is incompatible with i386:x86-64 output
          /usr/bin/ld: i386 architecture of input file `/home/sharon/my-rust-os/target/i686-my_rust_os/debug/deps/libcore-93390be41a2aa0c1.rlib(core-93390be41a2aa0c1.core.562a9aaaf6e26a52-cgu.12.rcgu.o)' is incompatible with i386:x86-64 output
          /usr/bin/ld: i386 architecture of input file `/home/sharon/my-rust-os/target/i686-my_rust_os/debug/deps/libcore-93390be41a2aa0c1.rlib(core-93390be41a2aa0c1.core.562a9aaaf6e26a52-cgu.13.rcgu.o)' is incompatible with i386:x86-64 output
          /usr/bin/ld: i386 architecture of input file `/home/sharon/my-rust-os/target/i686-my_rust_os/debug/deps/libcore-93390be41a2aa0c1.rlib(core-93390be41a2aa0c1.core.562a9aaaf6e26a52-cgu.14.rcgu.o)' is incompatible with i386:x86-64 output
          /usr/bin/ld: i386 architecture of input file `/home/sharon/my-rust-os/target/i686-my_rust_os/debug/deps/libcore-93390be41a2aa0c1.rlib(core-93390be41a2aa0c1.core.562a9aaaf6e26a52-cgu.15.rcgu.o)' is incompatible with i386:x86-64 output
          /usr/bin/ld: i386 architecture of input file `/home/sharon/my-rust-os/target/i686-my_rust_os/debug/deps/libcore-93390be41a2aa0c1.rlib(core-93390be41a2aa0c1.core.562a9aaaf6e26a52-cgu.00.rcgu.o)' is incompatible with i386:x86-64 output
          /usr/bin/ld: i386 architecture of input file `/home/sharon/my-rust-os/target/i686-my_rust_os/debug/deps/libcore-93390be41a2aa0c1.rlib(core-93390be41a2aa0c1.core.562a9aaaf6e26a52-cgu.01.rcgu.o)' is incompatible with i386:x86-64 output
          /usr/bin/ld: i386 architecture of input file `/home/sharon/my-rust-os/target/i686-my_rust_os/debug/deps/libcore-93390be41a2aa0c1.rlib(core-93390be41a2aa0c1.core.562a9aaaf6e26a52-cgu.03.rcgu.o)' is incompatible with i386:x86-64 output
          /usr/bin/ld: i386 architecture of input file `/home/sharon/my-rust-os/target/i686-my_rust_os/debug/deps/libcompiler_builtins-2355259cd6315ccd.rlib(compiler_builtins-2355259cd6315ccd.compiler_builtins.867805f30f3d70c-cgu.01.rcgu.o)' is incompatible with i386:x86-64 output
          /usr/bin/ld: i386 architecture of input file `/home/sharon/my-rust-os/target/i686-my_rust_os/debug/deps/libcompiler_builtins-2355259cd6315ccd.rlib(compiler_builtins-2355259cd6315ccd.compiler_builtins.867805f30f3d70c-cgu.02.rcgu.o)' is incompatible with i386:x86-64 output
          /usr/bin/ld: i386 architecture of input file `/home/sharon/my-rust-os/target/i686-my_rust_os/debug/deps/libcompiler_builtins-2355259cd6315ccd.rlib(compiler_builtins-2355259cd6315ccd.compiler_builtins.867805f30f3d70c-cgu.03.rcgu.o)' is incompatible with i386:x86-64 output
          /usr/bin/ld: i386 architecture of input file `/home/sharon/my-rust-os/target/i686-my_rust_os/debug/deps/libcompiler_builtins-2355259cd6315ccd.rlib(compiler_builtins-2355259cd6315ccd.compiler_builtins.867805f30f3d70c-cgu.04.rcgu.o)' is incompatible with i386:x86-64 output
          /usr/bin/ld: i386 architecture of input file `/home/sharon/my-rust-os/target/i686-my_rust_os/debug/deps/libcompiler_builtins-2355259cd6315ccd.rlib(compiler_builtins-2355259cd6315ccd.compiler_builtins.867805f30f3d70c-cgu.05.rcgu.o)' is incompatible with i386:x86-64 output
          /usr/bin/ld: i386 architecture of input file `/home/sharon/my-rust-os/target/i686-my_rust_os/debug/deps/libcompiler_builtins-2355259cd6315ccd.rlib(compiler_builtins-2355259cd6315ccd.compiler_builtins.867805f30f3d70c-cgu.06.rcgu.o)' is incompatible with i386:x86-64 output
          /usr/bin/ld: i386 architecture of input file `/home/sharon/my-rust-os/target/i686-my_rust_os/debug/deps/libcompiler_builtins-2355259cd6315ccd.rlib(compiler_builtins-2355259cd6315ccd.compiler_builtins.867805f30f3d70c-cgu.07.rcgu.o)' is incompatible with i386:x86-64 output
          /usr/bin/ld: i386 architecture of input file `/home/sharon/my-rust-os/target/i686-my_rust_os/debug/deps/libcompiler_builtins-2355259cd6315ccd.rlib(compiler_builtins-2355259cd6315ccd.compiler_builtins.867805f30f3d70c-cgu.08.rcgu.o)' is incompatible with i386:x86-64 output
          /usr/bin/ld: i386 architecture of input file `/home/sharon/my-rust-os/target/i686-my_rust_os/debug/deps/libcompiler_builtins-2355259cd6315ccd.rlib(compiler_builtins-2355259cd6315ccd.compiler_builtins.867805f30f3d70c-cgu.09.rcgu.o)' is incompatible with i386:x86-64 output
          /usr/bin/ld: i386 architecture of input file `/home/sharon/my-rust-os/target/i686-my_rust_os/debug/deps/libcompiler_builtins-2355259cd6315ccd.rlib(compiler_builtins-2355259cd6315ccd.compiler_builtins.867805f30f3d70c-cgu.10.rcgu.o)' is incompatible with i386:x86-64 output
          /usr/bin/ld: i386 architecture of input file `/home/sharon/my-rust-os/target/i686-my_rust_os/debug/deps/libcompiler_builtins-2355259cd6315ccd.rlib(compiler_builtins-2355259cd6315ccd.compiler_builtins.867805f30f3d70c-cgu.11.rcgu.o)' is incompatible with i386:x86-64 output
          /usr/bin/ld: i386 architecture of input file `/home/sharon/my-rust-os/target/i686-my_rust_os/debug/deps/libcompiler_builtins-2355259cd6315ccd.rlib(compiler_builtins-2355259cd6315ccd.compiler_builtins.867805f30f3d70c-cgu.12.rcgu.o)' is incompatible with i386:x86-64 output
          /usr/bin/ld: i386 architecture of input file `/home/sharon/my-rust-os/target/i686-my_rust_os/debug/deps/libcompiler_builtins-2355259cd6315ccd.rlib(compiler_builtins-2355259cd6315ccd.compiler_builtins.867805f30f3d70c-cgu.13.rcgu.o)' is incompatible with i386:x86-64 output
          /usr/bin/ld: i386 architecture of input file `/home/sharon/my-rust-os/target/i686-my_rust_os/debug/deps/libcompiler_builtins-2355259cd6315ccd.rlib(compiler_builtins-2355259cd6315ccd.compiler_builtins.867805f30f3d70c-cgu.14.rcgu.o)' is incompatible with i386:x86-64 output
          /usr/bin/ld: i386 architecture of input file `/home/sharon/my-rust-os/target/i686-my_rust_os/debug/deps/libcompiler_builtins-2355259cd6315ccd.rlib(compiler_builtins-2355259cd6315ccd.compiler_builtins.867805f30f3d70c-cgu.15.rcgu.o)' is incompatible with i386:x86-64 output
          /usr/bin/ld: i386 architecture of input file `/home/sharon/my-rust-os/target/i686-my_rust_os/debug/deps/libcompiler_builtins-2355259cd6315ccd.rlib(compiler_builtins-2355259cd6315ccd.compiler_builtins.867805f30f3d70c-cgu.00.rcgu.o)' is incompatible with i386:x86-64 output
          /usr/bin/ld: /usr/lib/gcc/x86_64-linux-gnu/13/../../../x86_64-linux-gnu/crt1.o: in function `_start':
          (.text+0x1b): undefined reference to `main'
          /usr/bin/ld: (.text+0x21): undefined reference to `__libc_start_main'
          /usr/bin/ld: /home/sharon/my-rust-os/target/i686-my_rust_os/debug/deps/libcore-93390be41a2aa0c1.rlib(core-93390be41a2aa0c1.core.562a9aaaf6e26a52-cgu.02.rcgu.o): in function `<core::iter::adapters::flatten::FlattenCompat<core::iter::adapters::map::Map<core::str::iter::Chars, core::str::CharEscapeDefault>, core::char::EscapeDefault>>::iter_try_fold::<(), <core::iter::adapters::flatten::FlattenCompat<_, _> as core::iter::traits::iterator::Iterator>::try_fold::flatten<core::char::EscapeDefault, (), core::result::Result<(), core::fmt::Error>, core::iter::traits::iterator::Iterator::try_for_each::call<char, core::result::Result<(), core::fmt::Error>, <core::str::iter::EscapeDefault as core::fmt::Display>::fmt::{closure#0}>::{closure#0}>::{closure#0}, core::result::Result<(), core::fmt::Error>>':
          /home/sharon/.rustup/toolchains/nightly-x86_64-unknown-linux-gnu/lib/rustlib/src/rust/library/core/src/iter/adapters/flatten.rs:429:(.text._RINvMsg_NtNtNtCs7oF28gBu4so_4core4iter8adapters7flattenINtB6_13FlattenCompatINtNtB8_3map3MapNtNtNtBc_3str4iter5CharsNtB1w_17CharEscapeDefaultENtNtBc_4char13EscapeDefaultE13iter_try_folduNCINvNvXsi_B6_IBS_ppENtNtNtBa_6traits8iterator8Iterator8try_fold7flattenB2g_uINtNtBc_6result6ResultuNtNtBc_3fmt5ErrorENCINvNvB3j_12try_for_each4callcB4d_NCNvXs23_B1u_NtB1u_13EscapeDefaultNtB4C_7Display3fmt0E0E0B4d_EBc_+0xa3): undefined reference to `memcpy'
          /usr/bin/ld: /home/sharon/.rustup/toolchains/nightly-x86_64-unknown-linux-gnu/lib/rustlib/src/rust/library/core/src/iter/adapters/flatten.rs:432:(.text._RINvMsg_NtNtNtCs7oF28gBu4so_4core4iter8adapters7flattenINtB6_13FlattenCompatINtNtB8_3map3MapNtNtNtBc_3str4iter5CharsNtB1w_17CharEscapeDefaultENtNtBc_4char13EscapeDefaultE13iter_try_folduNCINvNvXsi_B6_IBS_ppENtNtNtBa_6traits8iterator8Iterator8try_fold7flattenB2g_uINtNtBc_6result6ResultuNtNtBc_3fmt5ErrorENCINvNvB3j_12try_for_each4callcB4d_NCNvXs23_B1u_NtB1u_13EscapeDefaultNtB4C_7Display3fmt0E0E0B4d_EBc_+0x170): undefined reference to `memcpy'
          /usr/bin/ld: /home/sharon/.rustup/toolchains/nightly-x86_64-unknown-linux-gnu/lib/rustlib/src/rust/library/core/src/iter/adapters/flatten.rs:437:(.text._RINvMsg_NtNtNtCs7oF28gBu4so_4core4iter8adapters7flattenINtB6_13FlattenCompatINtNtB8_3map3MapNtNtNtBc_3str4iter5CharsNtB1w_17CharEscapeDefaultENtNtBc_4char13EscapeDefaultE13iter_try_folduNCINvNvXsi_B6_IBS_ppENtNtNtBa_6traits8iterator8Iterator8try_fold7flattenB2g_uINtNtBc_6result6ResultuNtNtBc_3fmt5ErrorENCINvNvB3j_12try_for_each4callcB4d_NCNvXs23_B1u_NtB1u_13EscapeDefaultNtB4C_7Display3fmt0E0E0B4d_EBc_+0x1fe): undefined reference to `memcpy'
          /usr/bin/ld: /home/sharon/my-rust-os/target/i686-my_rust_os/debug/deps/libcore-93390be41a2aa0c1.rlib(core-93390be41a2aa0c1.core.562a9aaaf6e26a52-cgu.02.rcgu.o): in function `<core::iter::adapters::flatten::FlattenCompat<core::iter::adapters::map::Map<core::str::iter::Chars, core::str::CharEscapeUnicode>, core::char::EscapeUnicode>>::iter_try_fold::<(), <core::iter::adapters::flatten::FlattenCompat<_, _> as core::iter::traits::iterator::Iterator>::try_fold::flatten<core::char::EscapeUnicode, (), core::result::Result<(), core::fmt::Error>, core::iter::traits::iterator::Iterator::try_for_each::call<char, core::result::Result<(), core::fmt::Error>, <core::str::iter::EscapeUnicode as core::fmt::Display>::fmt::{closure#0}>::{closure#0}>::{closure#0}, core::result::Result<(), core::fmt::Error>>':
          /home/sharon/.rustup/toolchains/nightly-x86_64-unknown-linux-gnu/lib/rustlib/src/rust/library/core/src/iter/adapters/flatten.rs:429:(.text._RINvMsg_NtNtNtCs7oF28gBu4so_4core4iter8adapters7flattenINtB6_13FlattenCompatINtNtB8_3map3MapNtNtNtBc_3str4iter5CharsNtB1w_17CharEscapeUnicodeENtNtBc_4char13EscapeUnicodeE13iter_try_folduNCINvNvXsi_B6_IBS_ppENtNtNtBa_6traits8iterator8Iterator8try_fold7flattenB2g_uINtNtBc_6result6ResultuNtNtBc_3fmt5ErrorENCINvNvB3j_12try_for_each4callcB4d_NCNvXs26_B1u_NtB1u_13EscapeUnicodeNtB4C_7Display3fmt0E0E0B4d_EBc_+0xa3): undefined reference to `memcpy'
          /usr/bin/ld: /home/sharon/.rustup/toolchains/nightly-x86_64-unknown-linux-gnu/lib/rustlib/src/rust/library/core/src/iter/adapters/flatten.rs:432:(.text._RINvMsg_NtNtNtCs7oF28gBu4so_4core4iter8adapters7flattenINtB6_13FlattenCompatINtNtB8_3map3MapNtNtNtBc_3str4iter5CharsNtB1w_17CharEscapeUnicodeENtNtBc_4char13EscapeUnicodeE13iter_try_folduNCINvNvXsi_B6_IBS_ppENtNtNtBa_6traits8iterator8Iterator8try_fold7flattenB2g_uINtNtBc_6result6ResultuNtNtBc_3fmt5ErrorENCINvNvB3j_12try_for_each4callcB4d_NCNvXs26_B1u_NtB1u_13EscapeUnicodeNtB4C_7Display3fmt0E0E0B4d_EBc_+0x170): undefined reference to `memcpy'
          /usr/bin/ld: /home/sharon/my-rust-os/target/i686-my_rust_os/debug/deps/libcore-93390be41a2aa0c1.rlib(core-93390be41a2aa0c1.core.562a9aaaf6e26a52-cgu.02.rcgu.o):/home/sharon/.rustup/toolchains/nightly-x86_64-unknown-linux-gnu/lib/rustlib/src/rust/library/core/src/iter/adapters/flatten.rs:437: more undefined references to `memcpy' follow
          /usr/bin/ld: /home/sharon/my-rust-os/target/i686-my_rust_os/debug/deps/libcore-93390be41a2aa0c1.rlib(core-93390be41a2aa0c1.core.562a9aaaf6e26a52-cgu.04.rcgu.o): in function `core::fmt::float::float_to_decimal_common_exact::<f16>':
          /home/sharon/.rustup/toolchains/nightly-x86_64-unknown-linux-gnu/lib/rustlib/src/rust/library/core/src/fmt/float.rs:45:(.text._RINvNtNtCs7oF28gBu4so_4core3fmt5float29float_to_decimal_common_exactC3f16EB6_+0x62): undefined reference to `memset'
          /usr/bin/ld: /home/sharon/my-rust-os/target/i686-my_rust_os/debug/deps/libcore-93390be41a2aa0c1.rlib(core-93390be41a2aa0c1.core.562a9aaaf6e26a52-cgu.04.rcgu.o): in function `core::fmt::float::float_to_decimal_common_exact::<f64>':
          /home/sharon/.rustup/toolchains/nightly-x86_64-unknown-linux-gnu/lib/rustlib/src/rust/library/core/src/fmt/float.rs:45:(.text._RINvNtNtCs7oF28gBu4so_4core3fmt5float29float_to_decimal_common_exactdEB6_+0x62): undefined reference to `memset'
          /usr/bin/ld: /home/sharon/my-rust-os/target/i686-my_rust_os/debug/deps/libcore-93390be41a2aa0c1.rlib(core-93390be41a2aa0c1.core.562a9aaaf6e26a52-cgu.04.rcgu.o): in function `core::fmt::float::float_to_decimal_common_exact::<f32>':
          /home/sharon/.rustup/toolchains/nightly-x86_64-unknown-linux-gnu/lib/rustlib/src/rust/library/core/src/fmt/float.rs:45:(.text._RINvNtNtCs7oF28gBu4so_4core3fmt5float29float_to_decimal_common_exactfEB6_+0x62): undefined reference to `memset'
          /usr/bin/ld: /home/sharon/my-rust-os/target/i686-my_rust_os/debug/deps/libcore-93390be41a2aa0c1.rlib(core-93390be41a2aa0c1.core.562a9aaaf6e26a52-cgu.04.rcgu.o): in function `core::fmt::float::float_to_decimal_common_shortest::<f16>':
          /home/sharon/.rustup/toolchains/nightly-x86_64-unknown-linux-gnu/lib/rustlib/src/rust/library/core/src/fmt/float.rs:73:(.text._RINvNtNtCs7oF28gBu4so_4core3fmt5float32float_to_decimal_common_shortestC3f16EB6_+0x62): undefined reference to `memset'
          /usr/bin/ld: /home/sharon/my-rust-os/target/i686-my_rust_os/debug/deps/libcore-93390be41a2aa0c1.rlib(core-93390be41a2aa0c1.core.562a9aaaf6e26a52-cgu.04.rcgu.o): in function `core::fmt::float::float_to_decimal_common_shortest::<f64>':
          /home/sharon/.rustup/toolchains/nightly-x86_64-unknown-linux-gnu/lib/rustlib/src/rust/library/core/src/fmt/float.rs:73:(.text._RINvNtNtCs7oF28gBu4so_4core3fmt5float32float_to_decimal_common_shortestdEB6_+0x62): undefined reference to `memset'
          /usr/bin/ld: /home/sharon/my-rust-os/target/i686-my_rust_os/debug/deps/libcore-93390be41a2aa0c1.rlib(core-93390be41a2aa0c1.core.562a9aaaf6e26a52-cgu.04.rcgu.o):/home/sharon/.rustup/toolchains/nightly-x86_64-unknown-linux-gnu/lib/rustlib/src/rust/library/core/src/fmt/float.rs:73: more undefined references to `memset' follow
          /usr/bin/ld: /home/sharon/my-rust-os/target/i686-my_rust_os/debug/deps/libcore-93390be41a2aa0c1.rlib(core-93390be41a2aa0c1.core.562a9aaaf6e26a52-cgu.04.rcgu.o): in function `<core::num::imp::bignum::Big32x40>::from_small':
          /home/sharon/.rustup/toolchains/nightly-x86_64-unknown-linux-gnu/lib/rustlib/src/rust/library/core/src/num/imp/bignum.rs:94:(.text._RNvMs2_NtNtNtCs7oF28gBu4so_4core3num3imp6bignumNtB5_8Big32x4010from_small+0x76): undefined reference to `memcpy'
          /usr/bin/ld: /home/sharon/.rustup/toolchains/nightly-x86_64-unknown-linux-gnu/lib/rustlib/src/rust/library/core/src/num/imp/bignum.rs:94:(.text._RNvMs2_NtNtNtCs7oF28gBu4so_4core3num3imp6bignumNtB5_8Big32x4010from_small+0xa3): undefined reference to `memcpy'
          /usr/bin/ld: /home/sharon/my-rust-os/target/i686-my_rust_os/debug/deps/libcore-93390be41a2aa0c1.rlib(core-93390be41a2aa0c1.core.562a9aaaf6e26a52-cgu.04.rcgu.o): in function `<core::num::imp::bignum::Big32x40>::mul_digits':
          /home/sharon/.rustup/toolchains/nightly-x86_64-unknown-linux-gnu/lib/rustlib/src/rust/library/core/src/num/imp/bignum.rs:309:(.text._RNvMs2_NtNtNtCs7oF28gBu4so_4core3num3imp6bignumNtB5_8Big32x4010mul_digits+0x62): undefined reference to `memset'
          /usr/bin/ld: /home/sharon/.rustup/toolchains/nightly-x86_64-unknown-linux-gnu/lib/rustlib/src/rust/library/core/src/num/imp/bignum.rs:315:(.text._RNvMs2_NtNtNtCs7oF28gBu4so_4core3num3imp6bignumNtB5_8Big32x4010mul_digits+0x153): undefined reference to `memcpy'
          /usr/bin/ld: /home/sharon/.rustup/toolchains/nightly-x86_64-unknown-linux-gnu/lib/rustlib/src/rust/library/core/src/num/imp/bignum.rs:315:(.text._RNvMs2_NtNtNtCs7oF28gBu4so_4core3num3imp6bignumNtB5_8Big32x4010mul_digits+0x176): undefined reference to `memcpy'
          /usr/bin/ld: /home/sharon/my-rust-os/target/i686-my_rust_os/debug/deps/libcore-93390be41a2aa0c1.rlib(core-93390be41a2aa0c1.core.562a9aaaf6e26a52-cgu.04.rcgu.o): in function `<core::num::imp::bignum::Big32x40>::add':
          /home/sharon/.rustup/toolchains/nightly-x86_64-unknown-linux-gnu/lib/rustlib/src/rust/library/core/src/num/imp/bignum.rs:150:(.text._RNvMs2_NtNtNtCs7oF28gBu4so_4core3num3imp6bignumNtB5_8Big32x403add+0xfa): undefined reference to `memcpy'
          /usr/bin/ld: /home/sharon/my-rust-os/target/i686-my_rust_os/debug/deps/libcore-93390be41a2aa0c1.rlib(core-93390be41a2aa0c1.core.562a9aaaf6e26a52-cgu.04.rcgu.o): in function `<core::num::imp::bignum::Big32x40>::sub':
          /home/sharon/.rustup/toolchains/nightly-x86_64-unknown-linux-gnu/lib/rustlib/src/rust/library/core/src/num/imp/bignum.rs:185:(.text._RNvMs2_NtNtNtCs7oF28gBu4so_4core3num3imp6bignumNtB5_8Big32x403sub+0xff): undefined reference to `memcpy'
          /usr/bin/ld: /home/sharon/my-rust-os/target/i686-my_rust_os/debug/deps/libcore-93390be41a2aa0c1.rlib(core-93390be41a2aa0c1.core.562a9aaaf6e26a52-cgu.04.rcgu.o): in function `<core::num::imp::bignum::Big32x40>::from_u64':
          /home/sharon/.rustup/toolchains/nightly-x86_64-unknown-linux-gnu/lib/rustlib/src/rust/library/core/src/num/imp/bignum.rs:99:(.text._RNvMs2_NtNtNtCs7oF28gBu4so_4core3num3imp6bignumNtB5_8Big32x408from_u64+0x4e): undefined reference to `memset'
          /usr/bin/ld: /home/sharon/.rustup/toolchains/nightly-x86_64-unknown-linux-gnu/lib/rustlib/src/rust/library/core/src/num/imp/bignum.rs:106:(.text._RNvMs2_NtNtNtCs7oF28gBu4so_4core3num3imp6bignumNtB5_8Big32x408from_u64+0x9b): undefined reference to `memcpy'
          /usr/bin/ld: /home/sharon/.rustup/toolchains/nightly-x86_64-unknown-linux-gnu/lib/rustlib/src/rust/library/core/src/num/imp/bignum.rs:106:(.text._RNvMs2_NtNtNtCs7oF28gBu4so_4core3num3imp6bignumNtB5_8Big32x408from_u64+0xc8): undefined reference to `memcpy'
          /usr/bin/ld: /home/sharon/my-rust-os/target/i686-my_rust_os/debug/deps/libcore-93390be41a2aa0c1.rlib(core-93390be41a2aa0c1.core.562a9aaaf6e26a52-cgu.04.rcgu.o): in function `<core::num::imp::bignum::Big32x40>::mul_pow5':
          /home/sharon/.rustup/toolchains/nightly-x86_64-unknown-linux-gnu/lib/rustlib/src/rust/library/core/src/num/imp/bignum.rs:259:(.text._RNvMs2_NtNtNtCs7oF28gBu4so_4core3num3imp6bignumNtB5_8Big32x408mul_pow5+0x4a): undefined reference to `memcpy'
          /usr/bin/ld: /home/sharon/my-rust-os/target/i686-my_rust_os/debug/deps/libcore-93390be41a2aa0c1.rlib(core-93390be41a2aa0c1.core.562a9aaaf6e26a52-cgu.04.rcgu.o): in function `<core::any::TypeId>::as_u128':
          /home/sharon/.rustup/toolchains/nightly-x86_64-unknown-linux-gnu/lib/rustlib/src/rust/library/core/src/any.rs:833:(.text._RNvMs8_NtCs7oF28gBu4so_4core3anyNtB5_6TypeId7as_u128+0x4c): undefined reference to `memset'
          /usr/bin/ld: /home/sharon/my-rust-os/target/i686-my_rust_os/debug/deps/libcore-93390be41a2aa0c1.rlib(core-93390be41a2aa0c1.core.562a9aaaf6e26a52-cgu.04.rcgu.o): in function `<u8 as core::slice::cmp::SlicePartialEq<u8>>::equal_same_length':
          /home/sharon/.rustup/toolchains/nightly-x86_64-unknown-linux-gnu/lib/rustlib/src/rust/library/core/src/slice/cmp.rs:157:(.text._RNvXs3_NtNtCs7oF28gBu4so_4core5slice3cmphINtB5_14SlicePartialEqhE17equal_same_lengthB9_+0x2f): undefined reference to `memcmp'
          /usr/bin/ld: /home/sharon/my-rust-os/target/i686-my_rust_os/debug/deps/libcore-93390be41a2aa0c1.rlib(core-93390be41a2aa0c1.core.562a9aaaf6e26a52-cgu.04.rcgu.o): in function `<u32 as core::slice::cmp::SlicePartialEq<u32>>::equal_same_length':
          /home/sharon/.rustup/toolchains/nightly-x86_64-unknown-linux-gnu/lib/rustlib/src/rust/library/core/src/slice/cmp.rs:157:(.text._RNvXs3_NtNtCs7oF28gBu4so_4core5slice3cmpmINtB5_14SlicePartialEqmE17equal_same_lengthB9_+0x2f): undefined reference to `memcmp'
          /usr/bin/ld: /home/sharon/my-rust-os/target/i686-my_rust_os/debug/deps/libcore-93390be41a2aa0c1.rlib(core-93390be41a2aa0c1.core.562a9aaaf6e26a52-cgu.04.rcgu.o): in function `<core::num::imp::bignum::Big32x40 as core::clone::Clone>::clone':
          /home/sharon/.rustup/toolchains/nightly-x86_64-unknown-linux-gnu/lib/rustlib/src/rust/library/core/src/num/imp/bignum.rs:364:(.text._RNvXs7_NtNtNtCs7oF28gBu4so_4core3num3imp6bignumNtB5_8Big32x40NtNtBb_5clone5Clone5clone+0x4b): undefined reference to `memcpy'
          /usr/bin/ld: /home/sharon/.rustup/toolchains/nightly-x86_64-unknown-linux-gnu/lib/rustlib/src/rust/library/core/src/num/imp/bignum.rs:364:(.text._RNvXs7_NtNtNtCs7oF28gBu4so_4core3num3imp6bignumNtB5_8Big32x40NtNtBb_5clone5Clone5clone+0x75): undefined reference to `memcpy'
          /usr/bin/ld: /home/sharon/my-rust-os/target/i686-my_rust_os/debug/deps/libcore-93390be41a2aa0c1.rlib(core-93390be41a2aa0c1.core.562a9aaaf6e26a52-cgu.04.rcgu.o): in function `core::ptr::copy_nonoverlapping::<u8>':
          /home/sharon/.rustup/toolchains/nightly-x86_64-unknown-linux-gnu/lib/rustlib/src/rust/library/core/src/ptr/mod.rs:551:(.text._RNvXs_NtNtCs7oF28gBu4so_4core5clone6uninithNtB4_8CopySpec11clone_sliceB8_+0x187): undefined reference to `memcpy'
          /usr/bin/ld: /home/sharon/my-rust-os/target/i686-my_rust_os/debug/deps/libcore-93390be41a2aa0c1.rlib(core-93390be41a2aa0c1.core.562a9aaaf6e26a52-cgu.04.rcgu.o): in function `<u8 as core::slice::cmp::SliceOrd>::compare':
          /home/sharon/.rustup/toolchains/nightly-x86_64-unknown-linux-gnu/lib/rustlib/src/rust/library/core/src/slice/cmp.rs:339:(.text._RNvXsd_NtNtCs7oF28gBu4so_4core5slice3cmphNtB5_8SliceOrd7compareB9_+0xce): undefined reference to `memcmp'
          /usr/bin/ld: /home/sharon/my-rust-os/target/i686-my_rust_os/debug/deps/libcore-93390be41a2aa0c1.rlib(core-93390be41a2aa0c1.core.562a9aaaf6e26a52-cgu.05.rcgu.o): in function `<str>::split_inclusive::<char>':
          /home/sharon/.rustup/toolchains/nightly-x86_64-unknown-linux-gnu/lib/rustlib/src/rust/library/core/src/str/mod.rs:1712:(.text._RINvMNtCs7oF28gBu4so_4core3stre15split_inclusivecEB5_+0xb6): undefined reference to `memcpy'
          /usr/bin/ld: /home/sharon/.rustup/toolchains/nightly-x86_64-unknown-linux-gnu/lib/rustlib/src/rust/library/core/src/str/mod.rs:1712:(.text._RINvMNtCs7oF28gBu4so_4core3stre15split_inclusivecEB5_+0xe0): undefined reference to `memcpy'
          /usr/bin/ld: /home/sharon/my-rust-os/target/i686-my_rust_os/debug/deps/libcore-93390be41a2aa0c1.rlib(core-93390be41a2aa0c1.core.562a9aaaf6e26a52-cgu.05.rcgu.o): in function `<str>::escape_debug':
          /home/sharon/.rustup/toolchains/nightly-x86_64-unknown-linux-gnu/lib/rustlib/src/rust/library/core/src/str/mod.rs:3093:(.text._RNvMNtCs7oF28gBu4so_4core3stre12escape_debug+0x12d): undefined reference to `memcpy'
          /usr/bin/ld: /home/sharon/my-rust-os/target/i686-my_rust_os/debug/deps/libcore-93390be41a2aa0c1.rlib(core-93390be41a2aa0c1.core.562a9aaaf6e26a52-cgu.05.rcgu.o): in function `<str>::escape_default':
          /home/sharon/.rustup/toolchains/nightly-x86_64-unknown-linux-gnu/lib/rustlib/src/rust/library/core/src/str/mod.rs:3138:(.text._RNvMNtCs7oF28gBu4so_4core3stre14escape_default+0x73): undefined reference to `memcpy'
          /usr/bin/ld: /home/sharon/my-rust-os/target/i686-my_rust_os/debug/deps/libcore-93390be41a2aa0c1.rlib(core-93390be41a2aa0c1.core.562a9aaaf6e26a52-cgu.05.rcgu.o): in function `<str>::escape_unicode':
          /home/sharon/.rustup/toolchains/nightly-x86_64-unknown-linux-gnu/lib/rustlib/src/rust/library/core/src/str/mod.rs:3176:(.text._RNvMNtCs7oF28gBu4so_4core3stre14escape_unicode+0x73): undefined reference to `memcpy'
          /usr/bin/ld: /home/sharon/my-rust-os/target/i686-my_rust_os/debug/deps/libcore-93390be41a2aa0c1.rlib(core-93390be41a2aa0c1.core.562a9aaaf6e26a52-cgu.06.rcgu.o):/home/sharon/.rustup/toolchains/nightly-x86_64-unknown-linux-gnu/lib/rustlib/src/rust/library/core/src/mem/mod.rs:967: more undefined references to `memcpy' follow
          /usr/bin/ld: /home/sharon/my-rust-os/target/i686-my_rust_os/debug/deps/libcore-93390be41a2aa0c1.rlib(core-93390be41a2aa0c1.core.562a9aaaf6e26a52-cgu.06.rcgu.o): in function `<[u8] as core::slice::specialize::SpecFill<u8>>::spec_fill':
          /home/sharon/.rustup/toolchains/nightly-x86_64-unknown-linux-gnu/lib/rustlib/src/rust/library/core/src/slice/specialize.rs:34:(.text._RNvXs0_NtNtCs7oF28gBu4so_4core5slice10specializeShINtB5_8SpecFillhE9spec_fill+0x3e): undefined reference to `memset'
          /usr/bin/ld: /home/sharon/my-rust-os/target/i686-my_rust_os/debug/deps/libcore-93390be41a2aa0c1.rlib(core-93390be41a2aa0c1.core.562a9aaaf6e26a52-cgu.06.rcgu.o): in function `<[i8] as core::slice::specialize::SpecFill<i8>>::spec_fill':
          /home/sharon/.rustup/toolchains/nightly-x86_64-unknown-linux-gnu/lib/rustlib/src/rust/library/core/src/slice/specialize.rs:43:(.text._RNvXs1_NtNtCs7oF28gBu4so_4core5slice10specializeSaINtB5_8SpecFillaE9spec_fill+0x42): undefined reference to `memset'
          /usr/bin/ld: /home/sharon/my-rust-os/target/i686-my_rust_os/debug/deps/libcore-93390be41a2aa0c1.rlib(core-93390be41a2aa0c1.core.562a9aaaf6e26a52-cgu.06.rcgu.o): in function `<core::slice::ascii::EscapeAscii as core::fmt::Display>::fmt':
          /home/sharon/.rustup/toolchains/nightly-x86_64-unknown-linux-gnu/lib/rustlib/src/rust/library/core/src/slice/ascii.rs:375:(.text._RNvXs2_NtNtCs7oF28gBu4so_4core5slice5asciiNtB5_11EscapeAsciiNtNtB9_3fmt7Display3fmt+0x60): undefined reference to `memcpy'
          /usr/bin/ld: /home/sharon/my-rust-os/target/i686-my_rust_os/debug/deps/libcore-93390be41a2aa0c1.rlib(core-93390be41a2aa0c1.core.562a9aaaf6e26a52-cgu.06.rcgu.o): in function `<core::slice::ascii::EscapeAscii as core::clone::Clone>::clone':
          /home/sharon/.rustup/toolchains/nightly-x86_64-unknown-linux-gnu/lib/rustlib/src/rust/library/core/src/slice/ascii.rs:325:(.text._RNvXs8_NtNtCs7oF28gBu4so_4core5slice5asciiNtB5_11EscapeAsciiNtNtB9_5clone5Clone5cloneB9_+0x53): undefined reference to `memcpy'
          /usr/bin/ld: /home/sharon/my-rust-os/target/i686-my_rust_os/debug/deps/libcore-93390be41a2aa0c1.rlib(core-93390be41a2aa0c1.core.562a9aaaf6e26a52-cgu.06.rcgu.o): in function `<core::wtf8::EncodeWide as core::iter::traits::iterator::Iterator>::next':
          /home/sharon/.rustup/toolchains/nightly-x86_64-unknown-linux-gnu/lib/rustlib/src/rust/library/core/src/wtf8.rs:586:(.text._RNvXsb_NtCs7oF28gBu4so_4core4wtf8NtB5_10EncodeWideNtNtNtNtB7_4iter6traits8iterator8Iterator4nextB7_+0x41): undefined reference to `memset'
          /usr/bin/ld: /home/sharon/my-rust-os/target/i686-my_rust_os/debug/deps/libcore-93390be41a2aa0c1.rlib(core-93390be41a2aa0c1.core.562a9aaaf6e26a52-cgu.07.rcgu.o): in function `<core::option::Option<core::net::socket_addr::SocketAddr>>::ok_or::<core::net::parser::AddrParseError>':
          /home/sharon/.rustup/toolchains/nightly-x86_64-unknown-linux-gnu/lib/rustlib/src/rust/library/core/src/option.rs:1334:(.text._RINvMNtCs7oF28gBu4so_4core6optionINtB3_6OptionNtNtNtB5_3net11socket_addr10SocketAddrE5ok_orNtNtBM_6parser14AddrParseErrorEB5_+0x6b): undefined reference to `memcpy'
          /usr/bin/ld: /home/sharon/.rustup/toolchains/nightly-x86_64-unknown-linux-gnu/lib/rustlib/src/rust/library/core/src/option.rs:1334:(.text._RINvMNtCs7oF28gBu4so_4core6optionINtB3_6OptionNtNtNtB5_3net11socket_addr10SocketAddrE5ok_orNtNtBM_6parser14AddrParseErrorEB5_+0x8b): undefined reference to `memcpy'
          /usr/bin/ld: /home/sharon/my-rust-os/target/i686-my_rust_os/debug/deps/libcore-93390be41a2aa0c1.rlib(core-93390be41a2aa0c1.core.562a9aaaf6e26a52-cgu.07.rcgu.o): in function `<core::option::Option<core::net::socket_addr::SocketAddr>>::or_else::<<core::net::parser::Parser>::read_socket_addr::{closure#0}>':
          /home/sharon/.rustup/toolchains/nightly-x86_64-unknown-linux-gnu/lib/rustlib/src/rust/library/core/src/option.rs:1650:(.text._RINvMNtCs7oF28gBu4so_4core6optionINtB3_6OptionNtNtNtB5_3net11socket_addr10SocketAddrE7or_elseNCNvMNtBM_6parserNtB1y_6Parser16read_socket_addr0EB5_+0x7a): undefined reference to `memcpy'
          /usr/bin/ld: /home/sharon/.rustup/toolchains/nightly-x86_64-unknown-linux-gnu/lib/rustlib/src/rust/library/core/src/option.rs:1650:(.text._RINvMNtCs7oF28gBu4so_4core6optionINtB3_6OptionNtNtNtB5_3net11socket_addr10SocketAddrE7or_elseNCNvMNtBM_6parserNtB1y_6Parser16read_socket_addr0EB5_+0x9a): undefined reference to `memcpy'
          /usr/bin/ld: /home/sharon/my-rust-os/target/i686-my_rust_os/debug/deps/libcore-93390be41a2aa0c1.rlib(core-93390be41a2aa0c1.core.562a9aaaf6e26a52-cgu.07.rcgu.o): in function `<core::option::Option<core::net::socket_addr::SocketAddrV4>>::map::<core::net::socket_addr::SocketAddr, core::net::socket_addr::SocketAddr::V4>':
          /home/sharon/.rustup/toolchains/nightly-x86_64-unknown-linux-gnu/lib/rustlib/src/rust/library/core/src/option.rs:1162:(.text._RINvMNtCs7oF28gBu4so_4core6optionINtB3_6OptionNtNtNtB5_3net11socket_addr12SocketAddrV4E3mapNtBK_10SocketAddrNcNtB1r_2V40EB5_+0x9e): undefined reference to `memcpy'
          /usr/bin/ld: /home/sharon/my-rust-os/target/i686-my_rust_os/debug/deps/libcore-93390be41a2aa0c1.rlib(core-93390be41a2aa0c1.core.562a9aaaf6e26a52-cgu.07.rcgu.o):/home/sharon/.rustup/toolchains/nightly-x86_64-unknown-linux-gnu/lib/rustlib/src/rust/library/core/src/option.rs:1162: more undefined references to `memcpy' follow
          /usr/bin/ld: /home/sharon/my-rust-os/target/i686-my_rust_os/debug/deps/libcore-93390be41a2aa0c1.rlib(core-93390be41a2aa0c1.core.562a9aaaf6e26a52-cgu.07.rcgu.o): in function `core::escape::hex_escape::<4>':
          /home/sharon/.rustup/toolchains/nightly-x86_64-unknown-linux-gnu/lib/rustlib/src/rust/library/core/src/escape.rs:33:(.text._RINvNtCs7oF28gBu4so_4core6escape10hex_escapeKj4_EB4_+0x43): undefined reference to `memset'
          /usr/bin/ld: /home/sharon/my-rust-os/target/i686-my_rust_os/debug/deps/libcore-93390be41a2aa0c1.rlib(core-93390be41a2aa0c1.core.562a9aaaf6e26a52-cgu.07.rcgu.o): in function `core::escape::hex_escape::<10>':
          /home/sharon/.rustup/toolchains/nightly-x86_64-unknown-linux-gnu/lib/rustlib/src/rust/library/core/src/escape.rs:33:(.text._RINvNtCs7oF28gBu4so_4core6escape10hex_escapeKja_EB4_+0x43): undefined reference to `memset'
          /usr/bin/ld: /home/sharon/my-rust-os/target/i686-my_rust_os/debug/deps/libcore-93390be41a2aa0c1.rlib(core-93390be41a2aa0c1.core.562a9aaaf6e26a52-cgu.07.rcgu.o): in function `core::escape::escape_ascii::<4>':
          /home/sharon/.rustup/toolchains/nightly-x86_64-unknown-linux-gnu/lib/rustlib/src/rust/library/core/src/escape.rs:113:(.text._RINvNtCs7oF28gBu4so_4core6escape12escape_asciiKj4_EB4_+0x4b): undefined reference to `memcpy'
          /usr/bin/ld: /home/sharon/my-rust-os/target/i686-my_rust_os/debug/deps/libcore-93390be41a2aa0c1.rlib(core-93390be41a2aa0c1.core.562a9aaaf6e26a52-cgu.07.rcgu.o): in function `core::escape::escape_ascii::<10>':
          /home/sharon/.rustup/toolchains/nightly-x86_64-unknown-linux-gnu/lib/rustlib/src/rust/library/core/src/escape.rs:113:(.text._RINvNtCs7oF28gBu4so_4core6escape12escape_asciiKja_EB4_+0x4b): undefined reference to `memcpy'
          /usr/bin/ld: /home/sharon/my-rust-os/target/i686-my_rust_os/debug/deps/libcore-93390be41a2aa0c1.rlib(core-93390be41a2aa0c1.core.562a9aaaf6e26a52-cgu.07.rcgu.o): in function `core::escape::escape_unicode::<10>':
          /home/sharon/.rustup/toolchains/nightly-x86_64-unknown-linux-gnu/lib/rustlib/src/rust/library/core/src/escape.rs:146:(.text._RINvNtCs7oF28gBu4so_4core6escape14escape_unicodeKja_EB4_+0x8b): undefined reference to `memset'
          /usr/bin/ld: /home/sharon/my-rust-os/target/i686-my_rust_os/debug/deps/libcore-93390be41a2aa0c1.rlib(core-93390be41a2aa0c1.core.562a9aaaf6e26a52-cgu.07.rcgu.o): in function `core::escape::verbatim::<4>':
          /home/sharon/.rustup/toolchains/nightly-x86_64-unknown-linux-gnu/lib/rustlib/src/rust/library/core/src/escape.rs:51:(.text._RINvNtCs7oF28gBu4so_4core6escape8verbatimKj4_EB4_+0x3e): undefined reference to `memset'
          /usr/bin/ld: /home/sharon/my-rust-os/target/i686-my_rust_os/debug/deps/libcore-93390be41a2aa0c1.rlib(core-93390be41a2aa0c1.core.562a9aaaf6e26a52-cgu.07.rcgu.o): in function `core::escape::verbatim::<10>':
          /home/sharon/.rustup/toolchains/nightly-x86_64-unknown-linux-gnu/lib/rustlib/src/rust/library/core/src/escape.rs:51:(.text._RINvNtCs7oF28gBu4so_4core6escape8verbatimKja_EB4_+0x3e): undefined reference to `memset'
          /usr/bin/ld: /home/sharon/my-rust-os/target/i686-my_rust_os/debug/deps/libcore-93390be41a2aa0c1.rlib(core-93390be41a2aa0c1.core.562a9aaaf6e26a52-cgu.07.rcgu.o): in function `core::escape::backslash::<4>':
          /home/sharon/.rustup/toolchains/nightly-x86_64-unknown-linux-gnu/lib/rustlib/src/rust/library/core/src/escape.rs:18:(.text._RINvNtCs7oF28gBu4so_4core6escape9backslashKj4_EB4_+0x3e): undefined reference to `memset'
          /usr/bin/ld: /home/sharon/my-rust-os/target/i686-my_rust_os/debug/deps/libcore-93390be41a2aa0c1.rlib(core-93390be41a2aa0c1.core.562a9aaaf6e26a52-cgu.07.rcgu.o): in function `core::escape::backslash::<10>':
          /home/sharon/.rustup/toolchains/nightly-x86_64-unknown-linux-gnu/lib/rustlib/src/rust/library/core/src/escape.rs:18:(.text._RINvNtCs7oF28gBu4so_4core6escape9backslashKja_EB4_+0x3e): undefined reference to `memset'
          /usr/bin/ld: /home/sharon/my-rust-os/target/i686-my_rust_os/debug/deps/libcore-93390be41a2aa0c1.rlib(core-93390be41a2aa0c1.core.562a9aaaf6e26a52-cgu.07.rcgu.o):/home/sharon/.rustup/toolchains/nightly-x86_64-unknown-linux-gnu/lib/rustlib/src/rust/library/core/src/escape.rs:235: more undefined references to `memset' follow
          /usr/bin/ld: /home/sharon/my-rust-os/target/i686-my_rust_os/debug/deps/libcore-93390be41a2aa0c1.rlib(core-93390be41a2aa0c1.core.562a9aaaf6e26a52-cgu.07.rcgu.o): in function `<core::option::Option<core::char::EscapeDebug>>::insert':
          /home/sharon/.rustup/toolchains/nightly-x86_64-unknown-linux-gnu/lib/rustlib/src/rust/library/core/src/option.rs:1721:(.text._RNvMNtCs7oF28gBu4so_4core6optionINtB2_6OptionNtNtB4_4char11EscapeDebugE6insertB4_+0x57): undefined reference to `memcpy'
          /usr/bin/ld: /home/sharon/my-rust-os/target/i686-my_rust_os/debug/deps/libcore-93390be41a2aa0c1.rlib(core-93390be41a2aa0c1.core.562a9aaaf6e26a52-cgu.07.rcgu.o): in function `<core::option::Option<core::char::EscapeDefault>>::insert':
          /home/sharon/.rustup/toolchains/nightly-x86_64-unknown-linux-gnu/lib/rustlib/src/rust/library/core/src/option.rs:1721:(.text._RNvMNtCs7oF28gBu4so_4core6optionINtB2_6OptionNtNtB4_4char13EscapeDefaultE6insertB4_+0x57): undefined reference to `memcpy'
          /usr/bin/ld: /home/sharon/my-rust-os/target/i686-my_rust_os/debug/deps/libcore-93390be41a2aa0c1.rlib(core-93390be41a2aa0c1.core.562a9aaaf6e26a52-cgu.07.rcgu.o): in function `<core::option::Option<core::char::EscapeUnicode>>::insert':
          /home/sharon/.rustup/toolchains/nightly-x86_64-unknown-linux-gnu/lib/rustlib/src/rust/library/core/src/option.rs:1721:(.text._RNvMNtCs7oF28gBu4so_4core6optionINtB2_6OptionNtNtB4_4char13EscapeUnicodeE6insertB4_+0x57): undefined reference to `memcpy'
          /usr/bin/ld: /home/sharon/my-rust-os/target/i686-my_rust_os/debug/deps/libcore-93390be41a2aa0c1.rlib(core-93390be41a2aa0c1.core.562a9aaaf6e26a52-cgu.07.rcgu.o): in function `<core::option::Option<core::option::IntoIter<core::char::EscapeDebug>> as core::clone::Clone>::clone':
          /home/sharon/.rustup/toolchains/nightly-x86_64-unknown-linux-gnu/lib/rustlib/src/rust/library/core/src/option.rs:2277:(.text._RNvXs4_NtCs7oF28gBu4so_4core6optionINtB5_6OptionINtB5_8IntoIterNtNtB7_4char11EscapeDebugEENtNtB7_5clone5Clone5cloneB7_+0x77): undefined reference to `memcpy'
          /usr/bin/ld: /home/sharon/my-rust-os/target/i686-my_rust_os/debug/deps/libcore-93390be41a2aa0c1.rlib(core-93390be41a2aa0c1.core.562a9aaaf6e26a52-cgu.07.rcgu.o): in function `<core::option::Option<core::iter::adapters::flatten::FlatMap<core::str::iter::Chars, core::char::EscapeDebug, core::str::CharEscapeDebugContinue>> as core::clone::Clone>::clone':
          /home/sharon/.rustup/toolchains/nightly-x86_64-unknown-linux-gnu/lib/rustlib/src/rust/library/core/src/option.rs:2277:(.text._RNvXs4_NtCs7oF28gBu4so_4core6optionINtB5_6OptionINtNtNtNtB7_4iter8adapters7flatten7FlatMapNtNtNtB7_3str4iter5CharsNtNtB7_4char11EscapeDebugNtB1u_23CharEscapeDebugContinueEENtNtB7_5clone5Clone5cloneB7_+0x77): undefined reference to `memcpy'
          /usr/bin/ld: /home/sharon/my-rust-os/target/i686-my_rust_os/debug/deps/libcore-93390be41a2aa0c1.rlib(core-93390be41a2aa0c1.core.562a9aaaf6e26a52-cgu.07.rcgu.o):/home/sharon/.rustup/toolchains/nightly-x86_64-unknown-linux-gnu/lib/rustlib/src/rust/library/core/src/option.rs:2277: more undefined references to `memcpy' follow
          /usr/bin/ld: /home/sharon/my-rust-os/target/i686-my_rust_os/debug/deps/libcore-93390be41a2aa0c1.rlib(core-93390be41a2aa0c1.core.562a9aaaf6e26a52-cgu.08.rcgu.o): in function `core::array::try_from_fn::<core::ops::try_trait::NeverShortCircuit<char>, 3, &mut core::array::drain::Drain<u16, <core::ops::try_trait::NeverShortCircuit<char>>::wrap_mut_1<u16, core::unicode::unicode_data::conversions::lookup::{closure#2}>::{closure#0}>>':
          /home/sharon/.rustup/toolchains/nightly-x86_64-unknown-linux-gnu/lib/rustlib/src/rust/library/core/src/array/mod.rs:154:(.text._RINvNtCs7oF28gBu4so_4core5array11try_from_fnINtNtNtB4_3ops9try_trait17NeverShortCircuitcEKj3_QINtNtB2_5drain5DraintNCINvMBJ_BG_10wrap_mut_1tNCNvNtNtNtB4_7unicode12unicode_data11conversions6lookups0_0E0EEB4_+0x3b): undefined reference to `memset'
          /usr/bin/ld: /home/sharon/my-rust-os/target/i686-my_rust_os/debug/deps/libcore-93390be41a2aa0c1.rlib(core-93390be41a2aa0c1.core.562a9aaaf6e26a52-cgu.08.rcgu.o): in function `core::num::imp::flt2dec::decoder::decode::<f16>':
          /home/sharon/.rustup/toolchains/nightly-x86_64-unknown-linux-gnu/lib/rustlib/src/rust/library/core/src/num/imp/flt2dec/decoder.rs:80:(.text._RINvNtNtNtNtCs7oF28gBu4so_4core3num3imp7flt2dec7decoder6decodeC3f16EBa_+0x155): undefined reference to `memcpy'
          /usr/bin/ld: /home/sharon/.rustup/toolchains/nightly-x86_64-unknown-linux-gnu/lib/rustlib/src/rust/library/core/src/num/imp/flt2dec/decoder.rs:106:(.text._RINvNtNtNtNtCs7oF28gBu4so_4core3num3imp7flt2dec7decoder6decodeC3f16EBa_+0x1f6): undefined reference to `memcpy'
          /usr/bin/ld: /home/sharon/.rustup/toolchains/nightly-x86_64-unknown-linux-gnu/lib/rustlib/src/rust/library/core/src/num/imp/flt2dec/decoder.rs:106:(.text._RINvNtNtNtNtCs7oF28gBu4so_4core3num3imp7flt2dec7decoder6decodeC3f16EBa_+0x224): undefined reference to `memcpy'
          /usr/bin/ld: /home/sharon/.rustup/toolchains/nightly-x86_64-unknown-linux-gnu/lib/rustlib/src/rust/library/core/src/num/imp/flt2dec/decoder.rs:96:(.text._RINvNtNtNtNtCs7oF28gBu4so_4core3num3imp7flt2dec7decoder6decodeC3f16EBa_+0x316): undefined reference to `memcpy'
          /usr/bin/ld: /home/sharon/.rustup/toolchains/nightly-x86_64-unknown-linux-gnu/lib/rustlib/src/rust/library/core/src/num/imp/flt2dec/decoder.rs:87:(.text._RINvNtNtNtNtCs7oF28gBu4so_4core3num3imp7flt2dec7decoder6decodeC3f16EBa_+0x3ac): undefined reference to `memcpy'
          /usr/bin/ld: /home/sharon/my-rust-os/target/i686-my_rust_os/debug/deps/libcore-93390be41a2aa0c1.rlib(core-93390be41a2aa0c1.core.562a9aaaf6e26a52-cgu.08.rcgu.o):/home/sharon/.rustup/toolchains/nightly-x86_64-unknown-linux-gnu/lib/rustlib/src/rust/library/core/src/num/imp/flt2dec/decoder.rs:80: more undefined references to `memcpy' follow
          /usr/bin/ld: /home/sharon/my-rust-os/target/i686-my_rust_os/debug/deps/libcore-93390be41a2aa0c1.rlib(core-93390be41a2aa0c1.core.562a9aaaf6e26a52-cgu.08.rcgu.o): in function `<char as core::str::pattern::Pattern>::is_suffix_of':
          /home/sharon/.rustup/toolchains/nightly-x86_64-unknown-linux-gnu/lib/rustlib/src/rust/library/core/src/str/pattern.rs:609:(.text._RNvXs2_NtNtCs7oF28gBu4so_4core3str7patterncNtB5_7Pattern12is_suffix_ofB9_+0x4f): undefined reference to `memset'
          /usr/bin/ld: /home/sharon/my-rust-os/target/i686-my_rust_os/debug/deps/libcore-93390be41a2aa0c1.rlib(core-93390be41a2aa0c1.core.562a9aaaf6e26a52-cgu.08.rcgu.o): in function `<char as core::str::pattern::Pattern>::into_searcher':
          /home/sharon/.rustup/toolchains/nightly-x86_64-unknown-linux-gnu/lib/rustlib/src/rust/library/core/src/str/pattern.rs:567:(.text._RNvXs2_NtNtCs7oF28gBu4so_4core3str7patterncNtB5_7Pattern13into_searcherB9_+0x55): undefined reference to `memset'
          /usr/bin/ld: /home/sharon/my-rust-os/target/i686-my_rust_os/debug/deps/libcore-93390be41a2aa0c1.rlib(core-93390be41a2aa0c1.core.562a9aaaf6e26a52-cgu.08.rcgu.o): in function `<core::char::ToTitlecase as core::iter::traits::iterator::Iterator>::last':
          /home/sharon/.rustup/toolchains/nightly-x86_64-unknown-linux-gnu/lib/rustlib/src/rust/library/core/src/char/mod.rs:406:(.text._RNvXsE_NtCs7oF28gBu4so_4core4charNtB5_11ToTitlecaseNtNtNtNtB7_4iter6traits8iterator8Iterator4last+0x2c): undefined reference to `memcpy'
          /usr/bin/ld: /home/sharon/my-rust-os/target/i686-my_rust_os/debug/deps/libcore-93390be41a2aa0c1.rlib(core-93390be41a2aa0c1.core.562a9aaaf6e26a52-cgu.08.rcgu.o): in function `<core::char::ToTitlecase as core::iter::traits::iterator::Iterator>::count':
          /home/sharon/.rustup/toolchains/nightly-x86_64-unknown-linux-gnu/lib/rustlib/src/rust/library/core/src/char/mod.rs:402:(.text._RNvXsE_NtCs7oF28gBu4so_4core4charNtB5_11ToTitlecaseNtNtNtNtB7_4iter6traits8iterator8Iterator5count+0x2c): undefined reference to `memcpy'
          /usr/bin/ld: /home/sharon/my-rust-os/target/i686-my_rust_os/debug/deps/libcore-93390be41a2aa0c1.rlib(core-93390be41a2aa0c1.core.562a9aaaf6e26a52-cgu.08.rcgu.o): in function `<core::char::ToLowercase as core::iter::traits::iterator::Iterator>::last':
          /home/sharon/.rustup/toolchains/nightly-x86_64-unknown-linux-gnu/lib/rustlib/src/rust/library/core/src/char/mod.rs:406:(.text._RNvXsO_NtCs7oF28gBu4so_4core4charNtB5_11ToLowercaseNtNtNtNtB7_4iter6traits8iterator8Iterator4last+0x2c): undefined reference to `memcpy'
          /usr/bin/ld: /home/sharon/my-rust-os/target/i686-my_rust_os/debug/deps/libcore-93390be41a2aa0c1.rlib(core-93390be41a2aa0c1.core.562a9aaaf6e26a52-cgu.08.rcgu.o): in function `<core::char::ToLowercase as core::iter::traits::iterator::Iterator>::count':
          /home/sharon/.rustup/toolchains/nightly-x86_64-unknown-linux-gnu/lib/rustlib/src/rust/library/core/src/char/mod.rs:402:(.text._RNvXsO_NtCs7oF28gBu4so_4core4charNtB5_11ToLowercaseNtNtNtNtB7_4iter6traits8iterator8Iterator5count+0x2c): undefined reference to `memcpy'
          /usr/bin/ld: /home/sharon/my-rust-os/target/i686-my_rust_os/debug/deps/libcore-93390be41a2aa0c1.rlib(core-93390be41a2aa0c1.core.562a9aaaf6e26a52-cgu.08.rcgu.o): in function `<core::char::ToCasefold as core::iter::traits::iterator::Iterator>::last':
          /home/sharon/.rustup/toolchains/nightly-x86_64-unknown-linux-gnu/lib/rustlib/src/rust/library/core/src/char/mod.rs:406:(.text._RNvXsY_NtCs7oF28gBu4so_4core4charNtB5_10ToCasefoldNtNtNtNtB7_4iter6traits8iterator8Iterator4last+0x2c): undefined reference to `memcpy'
          /usr/bin/ld: /home/sharon/my-rust-os/target/i686-my_rust_os/debug/deps/libcore-93390be41a2aa0c1.rlib(core-93390be41a2aa0c1.core.562a9aaaf6e26a52-cgu.08.rcgu.o):/home/sharon/.rustup/toolchains/nightly-x86_64-unknown-linux-gnu/lib/rustlib/src/rust/library/core/src/char/mod.rs:402: more undefined references to `memcpy' follow
          /usr/bin/ld: /home/sharon/my-rust-os/target/i686-my_rust_os/debug/deps/libcore-93390be41a2aa0c1.rlib(core-93390be41a2aa0c1.core.562a9aaaf6e26a52-cgu.09.rcgu.o): in function `<core::net::parser::Parser>::read_ipv4_addr::{closure#0}':
          /home/sharon/.rustup/toolchains/nightly-x86_64-unknown-linux-gnu/lib/rustlib/src/rust/library/core/src/net/parser.rs:154:(.text._RNCNvMNtNtCs7oF28gBu4so_4core3net6parserNtB4_6Parser14read_ipv4_addr0B8_+0x42): undefined reference to `memset'
          /usr/bin/ld: /home/sharon/my-rust-os/target/i686-my_rust_os/debug/deps/libcore-93390be41a2aa0c1.rlib(core-93390be41a2aa0c1.core.562a9aaaf6e26a52-cgu.09.rcgu.o): in function `<core::net::parser::Parser>::read_ipv6_addr::{closure#0}':
          /home/sharon/.rustup/toolchains/nightly-x86_64-unknown-linux-gnu/lib/rustlib/src/rust/library/core/src/net/parser.rs:205:(.text._RNCNvMNtNtCs7oF28gBu4so_4core3net6parserNtB4_6Parser14read_ipv6_addr0B8_+0x4d): undefined reference to `memset'
          /usr/bin/ld: /home/sharon/.rustup/toolchains/nightly-x86_64-unknown-linux-gnu/lib/rustlib/src/rust/library/core/src/net/parser.rs:224:(.text._RNCNvMNtNtCs7oF28gBu4so_4core3net6parserNtB4_6Parser14read_ipv6_addr0B8_+0x1d4): undefined reference to `memset'
          /usr/bin/ld: /home/sharon/my-rust-os/target/i686-my_rust_os/debug/deps/libcore-93390be41a2aa0c1.rlib(core-93390be41a2aa0c1.core.562a9aaaf6e26a52-cgu.09.rcgu.o): in function `<core::net::parser::Parser>::read_socket_addr_v6::{closure#0}':
          /home/sharon/.rustup/toolchains/nightly-x86_64-unknown-linux-gnu/lib/rustlib/src/rust/library/core/src/net/parser.rs:274:(.text._RNCNvMNtNtCs7oF28gBu4so_4core3net6parserNtB4_6Parser19read_socket_addr_v60B8_+0x261): undefined reference to `memcpy'
          /usr/bin/ld: /home/sharon/my-rust-os/target/i686-my_rust_os/debug/deps/libcore-93390be41a2aa0c1.rlib(core-93390be41a2aa0c1.core.562a9aaaf6e26a52-cgu.09.rcgu.o): in function `<core::iter::adapters::zip::Zip<core::slice::iter::Iter<&str>, core::slice::iter::Iter<&dyn core::fmt::Debug>> as core::iter::traits::collect::IntoIterator>::into_iter':
          /home/sharon/.rustup/toolchains/nightly-x86_64-unknown-linux-gnu/lib/rustlib/src/rust/library/core/src/iter/traits/collect.rs:323:(.text._RNvXNtNtNtCs7oF28gBu4so_4core4iter6traits7collectINtNtNtB6_8adapters3zip3ZipINtNtNtB8_5slice4iter4IterReEIB1d_RDNtNtB8_3fmt5DebugEL_EENtB2_12IntoIterator9into_iterB8_+0x2e): undefined reference to `memcpy'
          /usr/bin/ld: /home/sharon/my-rust-os/target/i686-my_rust_os/debug/deps/libcore-93390be41a2aa0c1.rlib(core-93390be41a2aa0c1.core.562a9aaaf6e26a52-cgu.09.rcgu.o): in function `<core::iter::adapters::zip::Zip<core::slice::iter::IterMut<u8>, core::slice::iter::Iter<u8>> as core::iter::traits::collect::IntoIterator>::into_iter':
          /home/sharon/.rustup/toolchains/nightly-x86_64-unknown-linux-gnu/lib/rustlib/src/rust/library/core/src/iter/traits/collect.rs:323:(.text._RNvXNtNtNtCs7oF28gBu4so_4core4iter6traits7collectINtNtNtB6_8adapters3zip3ZipINtNtNtB8_5slice4iter7IterMuthEINtB1f_4IterhEENtB2_12IntoIterator9into_iterB8_+0x2e): undefined reference to `memcpy'
          /usr/bin/ld: /home/sharon/my-rust-os/target/i686-my_rust_os/debug/deps/libcore-93390be41a2aa0c1.rlib(core-93390be41a2aa0c1.core.562a9aaaf6e26a52-cgu.09.rcgu.o): in function `<core::iter::adapters::zip::Zip<core::slice::iter::IterMut<u32>, core::slice::iter::Iter<u32>> as core::iter::traits::collect::IntoIterator>::into_iter':
          /home/sharon/.rustup/toolchains/nightly-x86_64-unknown-linux-gnu/lib/rustlib/src/rust/library/core/src/iter/traits/collect.rs:323:(.text._RNvXNtNtNtCs7oF28gBu4so_4core4iter6traits7collectINtNtNtB6_8adapters3zip3ZipINtNtNtB8_5slice4iter7IterMutmEINtB1f_4ItermEENtB2_12IntoIterator9into_iterB8_+0x2e): undefined reference to `memcpy'
          /usr/bin/ld: /home/sharon/my-rust-os/target/i686-my_rust_os/debug/deps/libcore-93390be41a2aa0c1.rlib(core-93390be41a2aa0c1.core.562a9aaaf6e26a52-cgu.10.rcgu.o): in function `<[u8] as core::num::imp::dec2flt::common::ByteSlice>::read_u64':
          /home/sharon/.rustup/toolchains/nightly-x86_64-unknown-linux-gnu/lib/rustlib/src/rust/library/core/src/num/imp/dec2flt/common.rs:23:(.text._RINvNtNtNtNtCs7oF28gBu4so_4core3num3imp7dec2flt5parse13parse_inf_nanC3f16EBa_+0x97): undefined reference to `memset'
          /usr/bin/ld: /home/sharon/.rustup/toolchains/nightly-x86_64-unknown-linux-gnu/lib/rustlib/src/rust/library/core/src/num/imp/dec2flt/common.rs:23:(.text._RINvNtNtNtNtCs7oF28gBu4so_4core3num3imp7dec2flt5parse13parse_inf_nandEBa_+0xa6): undefined reference to `memset'
          /usr/bin/ld: /home/sharon/.rustup/toolchains/nightly-x86_64-unknown-linux-gnu/lib/rustlib/src/rust/library/core/src/num/imp/dec2flt/common.rs:23:(.text._RINvNtNtNtNtCs7oF28gBu4so_4core3num3imp7dec2flt5parse13parse_inf_nanfEBa_+0xa6): undefined reference to `memset'
          /usr/bin/ld: /home/sharon/.rustup/toolchains/nightly-x86_64-unknown-linux-gnu/lib/rustlib/src/rust/library/core/src/num/imp/dec2flt/common.rs:23:(.text._RNvNtNtNtNtCs7oF28gBu4so_4core3num3imp7dec2flt11decimal_seq17parse_decimal_seq+0x38b): undefined reference to `memset'
          /usr/bin/ld: /home/sharon/my-rust-os/target/i686-my_rust_os/debug/deps/libcore-93390be41a2aa0c1.rlib(core-93390be41a2aa0c1.core.562a9aaaf6e26a52-cgu.10.rcgu.o): in function `core::num::imp::dec2flt::decimal_seq::parse_decimal_seq':
          /home/sharon/.rustup/toolchains/nightly-x86_64-unknown-linux-gnu/lib/rustlib/src/rust/library/core/src/num/imp/dec2flt/decimal_seq.rs:299:(.text._RNvNtNtNtNtCs7oF28gBu4so_4core3num3imp7dec2flt11decimal_seq17parse_decimal_seq+0xd1c): undefined reference to `memcpy'
          /usr/bin/ld: /home/sharon/my-rust-os/target/i686-my_rust_os/debug/deps/libcore-93390be41a2aa0c1.rlib(core-93390be41a2aa0c1.core.562a9aaaf6e26a52-cgu.10.rcgu.o): in function `core::num::imp::dec2flt::decimal_seq::number_of_digits_decimal_left_shift':
          /home/sharon/.rustup/toolchains/nightly-x86_64-unknown-linux-gnu/lib/rustlib/src/rust/library/core/src/num/imp/dec2flt/decimal_seq.rs:361:(.text._RNvNtNtNtNtCs7oF28gBu4so_4core3num3imp7dec2flt11decimal_seq35number_of_digits_decimal_left_shift+0x54): undefined reference to `memcpy'
          /usr/bin/ld: /home/sharon/.rustup/toolchains/nightly-x86_64-unknown-linux-gnu/lib/rustlib/src/rust/library/core/src/num/imp/dec2flt/decimal_seq.rs:362:(.text._RNvNtNtNtNtCs7oF28gBu4so_4core3num3imp7dec2flt11decimal_seq35number_of_digits_decimal_left_shift+0x9f): undefined reference to `memcpy'
          /usr/bin/ld: /home/sharon/my-rust-os/target/i686-my_rust_os/debug/deps/libcore-93390be41a2aa0c1.rlib(core-93390be41a2aa0c1.core.562a9aaaf6e26a52-cgu.10.rcgu.o): in function `core::num::imp::dec2flt::parse::parse_number':
          /home/sharon/.rustup/toolchains/nightly-x86_64-unknown-linux-gnu/lib/rustlib/src/rust/library/core/src/num/imp/dec2flt/parse.rs:190:(.text._RNvNtNtNtNtCs7oF28gBu4so_4core3num3imp7dec2flt5parse12parse_number+0x7d): undefined reference to `memcpy'
          /usr/bin/ld: /home/sharon/.rustup/toolchains/nightly-x86_64-unknown-linux-gnu/lib/rustlib/src/rust/library/core/src/num/imp/dec2flt/parse.rs:192:(.text._RNvNtNtNtNtCs7oF28gBu4so_4core3num3imp7dec2flt5parse12parse_number+0xb7): undefined reference to `memcpy'
          /usr/bin/ld: /home/sharon/my-rust-os/target/i686-my_rust_os/debug/deps/libcore-93390be41a2aa0c1.rlib(core-93390be41a2aa0c1.core.562a9aaaf6e26a52-cgu.10.rcgu.o): in function `<[u8] as core::num::imp::dec2flt::common::ByteSlice>::read_u64':
          /home/sharon/.rustup/toolchains/nightly-x86_64-unknown-linux-gnu/lib/rustlib/src/rust/library/core/src/num/imp/dec2flt/common.rs:23:(.text._RNvNtNtNtNtCs7oF28gBu4so_4core3num3imp7dec2flt5parse16try_parse_digits+0xe8): undefined reference to `memset'
          /usr/bin/ld: /home/sharon/my-rust-os/target/i686-my_rust_os/debug/deps/libcore-93390be41a2aa0c1.rlib(core-93390be41a2aa0c1.core.562a9aaaf6e26a52-cgu.10.rcgu.o): in function `core::num::imp::dec2flt::parse::parse_partial_number':
          /home/sharon/.rustup/toolchains/nightly-x86_64-unknown-linux-gnu/lib/rustlib/src/rust/library/core/src/num/imp/dec2flt/parse.rs:150:(.text._RNvNtNtNtNtCs7oF28gBu4so_4core3num3imp7dec2flt5parse20parse_partial_number+0x60e): undefined reference to `memcpy'
          /usr/bin/ld: /home/sharon/.rustup/toolchains/nightly-x86_64-unknown-linux-gnu/lib/rustlib/src/rust/library/core/src/num/imp/dec2flt/parse.rs:150:(.text._RNvNtNtNtNtCs7oF28gBu4so_4core3num3imp7dec2flt5parse20parse_partial_number+0x63c): undefined reference to `memcpy'
          /usr/bin/ld: /home/sharon/.rustup/toolchains/nightly-x86_64-unknown-linux-gnu/lib/rustlib/src/rust/library/core/src/num/imp/dec2flt/parse.rs:183:(.text._RNvNtNtNtNtCs7oF28gBu4so_4core3num3imp7dec2flt5parse20parse_partial_number+0x7e7): undefined reference to `memcpy'
          /usr/bin/ld: /home/sharon/.rustup/toolchains/nightly-x86_64-unknown-linux-gnu/lib/rustlib/src/rust/library/core/src/num/imp/dec2flt/parse.rs:183:(.text._RNvNtNtNtNtCs7oF28gBu4so_4core3num3imp7dec2flt5parse20parse_partial_number+0x815): undefined reference to `memcpy'
          /usr/bin/ld: /home/sharon/my-rust-os/target/i686-my_rust_os/debug/deps/libcore-93390be41a2aa0c1.rlib(core-93390be41a2aa0c1.core.562a9aaaf6e26a52-cgu.10.rcgu.o): in function `<core::num::imp::dec2flt::decimal_seq::DecimalSeq as core::default::Default>::default':
          /home/sharon/.rustup/toolchains/nightly-x86_64-unknown-linux-gnu/lib/rustlib/src/rust/library/core/src/num/imp/dec2flt/decimal_seq.rs:31:(.text._RNvXNtNtNtNtCs7oF28gBu4so_4core3num3imp7dec2flt11decimal_seqNtB2_10DecimalSeqNtNtBa_7default7Default7default+0x40): undefined reference to `memset'
          /usr/bin/ld: /home/sharon/.rustup/toolchains/nightly-x86_64-unknown-linux-gnu/lib/rustlib/src/rust/library/core/src/num/imp/dec2flt/decimal_seq.rs:31:(.text._RNvXNtNtNtNtCs7oF28gBu4so_4core3num3imp7dec2flt11decimal_seqNtB2_10DecimalSeqNtNtBa_7default7Default7default+0x77): undefined reference to `memcpy'
          /usr/bin/ld: /home/sharon/my-rust-os/target/i686-my_rust_os/debug/deps/libcore-93390be41a2aa0c1.rlib(core-93390be41a2aa0c1.core.562a9aaaf6e26a52-cgu.10.rcgu.o): in function `core::num::imp::dec2flt::dec2flt::<f16>':
          /home/sharon/.rustup/toolchains/nightly-x86_64-unknown-linux-gnu/lib/rustlib/src/rust/library/core/src/num/imp/dec2flt/mod.rs:223:(.text._RNvXs0_NtNtCs7oF28gBu4so_4core3num11float_parseC3f16NtNtNtB9_3str6traits7FromStr8from_str+0x1a8): undefined reference to `memcpy'
          /usr/bin/ld: /home/sharon/.rustup/toolchains/nightly-x86_64-unknown-linux-gnu/lib/rustlib/src/rust/library/core/src/num/imp/dec2flt/mod.rs:223:(.text._RNvXs0_NtNtCs7oF28gBu4so_4core3num11float_parseC3f16NtNtNtB9_3str6traits7FromStr8from_str+0x1c8): undefined reference to `memcpy'
          /usr/bin/ld: /home/sharon/my-rust-os/target/i686-my_rust_os/debug/deps/libcore-93390be41a2aa0c1.rlib(core-93390be41a2aa0c1.core.562a9aaaf6e26a52-cgu.10.rcgu.o): in function `<f64 as core::num::imp::dec2flt::Lemire>::pow10_fast_path':
          /home/sharon/.rustup/toolchains/nightly-x86_64-unknown-linux-gnu/lib/rustlib/src/rust/library/core/src/num/imp/dec2flt/mod.rs:180:(.text._RNvXs0_NtNtNtCs7oF28gBu4so_4core3num3imp7dec2fltdNtB5_6Lemire15pow10_fast_path+0x4b): undefined reference to `memcpy'
          /usr/bin/ld: /home/sharon/my-rust-os/target/i686-my_rust_os/debug/deps/libcore-93390be41a2aa0c1.rlib(core-93390be41a2aa0c1.core.562a9aaaf6e26a52-cgu.10.rcgu.o): in function `core::num::imp::dec2flt::dec2flt::<f32>':
          /home/sharon/.rustup/toolchains/nightly-x86_64-unknown-linux-gnu/lib/rustlib/src/rust/library/core/src/num/imp/dec2flt/mod.rs:223:(.text._RNvXs1_NtNtCs7oF28gBu4so_4core3num11float_parsefNtNtNtB9_3str6traits7FromStr8from_str+0x1bf): undefined reference to `memcpy'
          /usr/bin/ld: /home/sharon/my-rust-os/target/i686-my_rust_os/debug/deps/libcore-93390be41a2aa0c1.rlib(core-93390be41a2aa0c1.core.562a9aaaf6e26a52-cgu.10.rcgu.o):/home/sharon/.rustup/toolchains/nightly-x86_64-unknown-linux-gnu/lib/rustlib/src/rust/library/core/src/num/imp/dec2flt/mod.rs:223: more undefined references to `memcpy' follow
          /usr/bin/ld: /home/sharon/my-rust-os/target/i686-my_rust_os/debug/deps/libcore-93390be41a2aa0c1.rlib(core-93390be41a2aa0c1.core.562a9aaaf6e26a52-cgu.11.rcgu.o): in function `core::fmt::num::imp::exp_u32':
          /home/sharon/.rustup/toolchains/nightly-x86_64-unknown-linux-gnu/lib/rustlib/src/rust/library/core/src/fmt/num.rs:457:(.text._RNvNtNtNtCs7oF28gBu4so_4core3fmt3num3imp7exp_u32+0x24f): undefined reference to `memset'
          /usr/bin/ld: /home/sharon/.rustup/toolchains/nightly-x86_64-unknown-linux-gnu/lib/rustlib/src/rust/library/core/src/fmt/num.rs:477:(.text._RNvNtNtNtCs7oF28gBu4so_4core3fmt3num3imp7exp_u32+0x809): undefined reference to `memcpy'
          /usr/bin/ld: /home/sharon/my-rust-os/target/i686-my_rust_os/debug/deps/libcore-93390be41a2aa0c1.rlib(core-93390be41a2aa0c1.core.562a9aaaf6e26a52-cgu.11.rcgu.o): in function `core::fmt::num::imp::exp_u64':
          /home/sharon/.rustup/toolchains/nightly-x86_64-unknown-linux-gnu/lib/rustlib/src/rust/library/core/src/fmt/num.rs:457:(.text._RNvNtNtNtCs7oF28gBu4so_4core3fmt3num3imp7exp_u64+0x35b): undefined reference to `memset'
          /usr/bin/ld: /home/sharon/.rustup/toolchains/nightly-x86_64-unknown-linux-gnu/lib/rustlib/src/rust/library/core/src/fmt/num.rs:477:(.text._RNvNtNtNtCs7oF28gBu4so_4core3fmt3num3imp7exp_u64+0xb14): undefined reference to `memcpy'
          /usr/bin/ld: /home/sharon/my-rust-os/target/i686-my_rust_os/debug/deps/libcore-93390be41a2aa0c1.rlib(core-93390be41a2aa0c1.core.562a9aaaf6e26a52-cgu.11.rcgu.o): in function `<u8 as core::fmt::Display>::fmt':
          /home/sharon/.rustup/toolchains/nightly-x86_64-unknown-linux-gnu/lib/rustlib/src/rust/library/core/src/fmt/num.rs:140:(.text._RNvXNtNtNtCs7oF28gBu4so_4core3fmt3num3imphNtB6_7Display3fmt+0x35): undefined reference to `memset'
          /usr/bin/ld: /home/sharon/my-rust-os/target/i686-my_rust_os/debug/deps/libcore-93390be41a2aa0c1.rlib(core-93390be41a2aa0c1.core.562a9aaaf6e26a52-cgu.11.rcgu.o): in function `<u16 as core::fmt::Display>::fmt':
          /home/sharon/.rustup/toolchains/nightly-x86_64-unknown-linux-gnu/lib/rustlib/src/rust/library/core/src/fmt/num.rs:140:(.text._RNvXs3_NtNtNtCs7oF28gBu4so_4core3fmt3num3imptNtB9_7Display3fmt+0x35): undefined reference to `memset'
          /usr/bin/ld: /home/sharon/my-rust-os/target/i686-my_rust_os/debug/deps/libcore-93390be41a2aa0c1.rlib(core-93390be41a2aa0c1.core.562a9aaaf6e26a52-cgu.11.rcgu.o): in function `<i16 as core::fmt::Display>::fmt':
          /home/sharon/.rustup/toolchains/nightly-x86_64-unknown-linux-gnu/lib/rustlib/src/rust/library/core/src/fmt/num.rs:161:(.text._RNvXs4_NtNtNtCs7oF28gBu4so_4core3fmt3num3impsNtB9_7Display3fmt+0x39): undefined reference to `memset'
          /usr/bin/ld: /home/sharon/my-rust-os/target/i686-my_rust_os/debug/deps/libcore-93390be41a2aa0c1.rlib(core-93390be41a2aa0c1.core.562a9aaaf6e26a52-cgu.11.rcgu.o): in function `<u32 as core::fmt::Display>::fmt':
          /home/sharon/.rustup/toolchains/nightly-x86_64-unknown-linux-gnu/lib/rustlib/src/rust/library/core/src/fmt/num.rs:140:(.text._RNvXs8_NtNtNtCs7oF28gBu4so_4core3fmt3num3impmNtB9_7Display3fmt+0x35): undefined reference to `memset'
          /usr/bin/ld: /home/sharon/my-rust-os/target/i686-my_rust_os/debug/deps/libcore-93390be41a2aa0c1.rlib(core-93390be41a2aa0c1.core.562a9aaaf6e26a52-cgu.11.rcgu.o): in function `<i32 as core::fmt::Display>::fmt':
          /home/sharon/.rustup/toolchains/nightly-x86_64-unknown-linux-gnu/lib/rustlib/src/rust/library/core/src/fmt/num.rs:161:(.text._RNvXs9_NtNtNtCs7oF28gBu4so_4core3fmt3num3implNtB9_7Display3fmt+0x39): undefined reference to `memset'
          /usr/bin/ld: /home/sharon/my-rust-os/target/i686-my_rust_os/debug/deps/libcore-93390be41a2aa0c1.rlib(core-93390be41a2aa0c1.core.562a9aaaf6e26a52-cgu.11.rcgu.o):/home/sharon/.rustup/toolchains/nightly-x86_64-unknown-linux-gnu/lib/rustlib/src/rust/library/core/src/fmt/num.rs:161: more undefined references to `memset' follow
          /usr/bin/ld: /home/sharon/my-rust-os/target/i686-my_rust_os/debug/deps/libcore-93390be41a2aa0c1.rlib(core-93390be41a2aa0c1.core.562a9aaaf6e26a52-cgu.12.rcgu.o): in function `core::num::imp::flt2dec::determine_sign':
          /home/sharon/.rustup/toolchains/nightly-x86_64-unknown-linux-gnu/lib/rustlib/src/rust/library/core/src/num/imp/flt2dec/mod.rs:319:(.text._RNvNtNtNtCs7oF28gBu4so_4core3num3imp7flt2dec14determine_sign+0x4a): undefined reference to `memcpy'
          /usr/bin/ld: /home/sharon/.rustup/toolchains/nightly-x86_64-unknown-linux-gnu/lib/rustlib/src/rust/library/core/src/num/imp/flt2dec/mod.rs:319:(.text._RNvNtNtNtCs7oF28gBu4so_4core3num3imp7flt2dec14determine_sign+0x6a): undefined reference to `memcpy'
          /usr/bin/ld: /home/sharon/my-rust-os/target/i686-my_rust_os/debug/deps/libcore-93390be41a2aa0c1.rlib(core-93390be41a2aa0c1.core.562a9aaaf6e26a52-cgu.13.rcgu.o): in function `<core::iter::adapters::chain::Chain<core::iter::adapters::flatten::Flatten<core::option::IntoIter<core::char::EscapeDebug>>, core::iter::adapters::flatten::FlatMap<core::str::iter::Chars, core::char::EscapeDebug, core::str::CharEscapeDebugContinue>> as core::iter::traits::iterator::Iterator>::try_fold::<(), core::iter::traits::iterator::Iterator::try_for_each::call<char, core::result::Result<(), core::fmt::Error>, <core::str::iter::EscapeDebug as core::fmt::Display>::fmt::{closure#0}>::{closure#0}, core::result::Result<(), core::fmt::Error>>':
          /home/sharon/.rustup/toolchains/nightly-x86_64-unknown-linux-gnu/lib/rustlib/src/rust/library/core/src/iter/adapters/chain.rs:107:(.text._RINvXs_NtNtNtCs7oF28gBu4so_4core4iter8adapters5chainINtB5_5ChainINtNtB7_7flatten7FlattenINtNtBb_6option8IntoIterNtNtBb_4char11EscapeDebugEEINtB13_7FlatMapNtNtNtBb_3str4iter5CharsB1M_NtB2w_23CharEscapeDebugContinueEENtNtNtB9_6traits8iterator8Iterator8try_folduNCINvNvB3r_12try_for_each4callcINtNtBb_6result6ResultuNtNtBb_3fmt5ErrorENCNvXs20_B2u_NtB2u_11EscapeDebugNtB53_7Display3fmt0E0B4E_EBb_+0xe1): undefined reference to `memcpy'
          /usr/bin/ld: /home/sharon/my-rust-os/target/i686-my_rust_os/debug/deps/libcore-93390be41a2aa0c1.rlib(core-93390be41a2aa0c1.core.562a9aaaf6e26a52-cgu.13.rcgu.o): in function `<core::iter::adapters::chain::Chain<core::iter::adapters::flatten::Flatten<core::option::IntoIter<core::char::EscapeDebug>>, core::iter::adapters::flatten::FlatMap<core::str::iter::Chars, core::char::EscapeDebug, core::str::CharEscapeDebugContinue>>>::new':
          /home/sharon/.rustup/toolchains/nightly-x86_64-unknown-linux-gnu/lib/rustlib/src/rust/library/core/src/iter/adapters/chain.rs:37:(.text._RNvMNtNtNtCs7oF28gBu4so_4core4iter8adapters5chainINtB2_5ChainINtNtB4_7flatten7FlattenINtNtB8_6option8IntoIterNtNtB8_4char11EscapeDebugEEINtB10_7FlatMapNtNtNtB8_3str4iter5CharsB1J_NtB2t_23CharEscapeDebugContinueEE3newB8_+0x4c): undefined reference to `memcpy'
          /usr/bin/ld: /home/sharon/.rustup/toolchains/nightly-x86_64-unknown-linux-gnu/lib/rustlib/src/rust/library/core/src/iter/adapters/chain.rs:37:(.text._RNvMNtNtNtCs7oF28gBu4so_4core4iter8adapters5chainINtB2_5ChainINtNtB4_7flatten7FlattenINtNtB8_6option8IntoIterNtNtB8_4char11EscapeDebugEEINtB10_7FlatMapNtNtNtB8_3str4iter5CharsB1J_NtB2t_23CharEscapeDebugContinueEE3newB8_+0x6c): undefined reference to `memcpy'
          /usr/bin/ld: /home/sharon/my-rust-os/target/i686-my_rust_os/debug/deps/libcore-93390be41a2aa0c1.rlib(core-93390be41a2aa0c1.core.562a9aaaf6e26a52-cgu.13.rcgu.o):/home/sharon/.rustup/toolchains/nightly-x86_64-unknown-linux-gnu/lib/rustlib/src/rust/library/core/src/iter/adapters/chain.rs:37: more undefined references to `memcpy' follow
          /usr/bin/ld: /home/sharon/my-rust-os/target/i686-my_rust_os/debug/deps/libcore-93390be41a2aa0c1.rlib(core-93390be41a2aa0c1.core.562a9aaaf6e26a52-cgu.13.rcgu.o): in function `<core::fmt::Formatter>::write_formatted_parts':
          /home/sharon/.rustup/toolchains/nightly-x86_64-unknown-linux-gnu/lib/rustlib/src/rust/library/core/src/fmt/mod.rs:2059:(.text._RNvMsa_NtCs7oF28gBu4so_4core3fmtNtB5_9Formatter21write_formatted_parts+0x16a): undefined reference to `memset'
          /usr/bin/ld: /home/sharon/my-rust-os/target/i686-my_rust_os/debug/deps/libcore-93390be41a2aa0c1.rlib(core-93390be41a2aa0c1.core.562a9aaaf6e26a52-cgu.13.rcgu.o): in function `<core::fmt::Formatter>::debug_struct_fields_finish':
          /home/sharon/.rustup/toolchains/nightly-x86_64-unknown-linux-gnu/lib/rustlib/src/rust/library/core/src/fmt/mod.rs:2576:(.text._RNvMsa_NtCs7oF28gBu4so_4core3fmtNtB5_9Formatter26debug_struct_fields_finish+0x194): undefined reference to `memcpy'
          /usr/bin/ld: /home/sharon/my-rust-os/target/i686-my_rust_os/debug/deps/libcore-93390be41a2aa0c1.rlib(core-93390be41a2aa0c1.core.562a9aaaf6e26a52-cgu.13.rcgu.o): in function `<core::time::Duration as core::fmt::Debug>::fmt::fmt_decimal':
          /home/sharon/.rustup/toolchains/nightly-x86_64-unknown-linux-gnu/lib/rustlib/src/rust/library/core/src/time.rs:1411:(.text._RNvNvXsa_NtCs7oF28gBu4so_4core4timeNtB7_8DurationNtNtB9_3fmt5Debug3fmt11fmt_decimal+0xa7): undefined reference to `memset'
          /usr/bin/ld: /home/sharon/my-rust-os/target/i686-my_rust_os/debug/deps/libcore-93390be41a2aa0c1.rlib(core-93390be41a2aa0c1.core.562a9aaaf6e26a52-cgu.13.rcgu.o): in function `<core::iter::adapters::chain::Chain<core::iter::adapters::flatten::Flatten<core::option::IntoIter<core::char::EscapeDebug>>, core::iter::adapters::flatten::FlatMap<core::str::iter::Chars, core::char::EscapeDebug, core::str::CharEscapeDebugContinue>> as core::clone::Clone>::clone':
          /home/sharon/.rustup/toolchains/nightly-x86_64-unknown-linux-gnu/lib/rustlib/src/rust/library/core/src/iter/adapters/chain.rs:20:(.text._RNvXs4_NtNtNtCs7oF28gBu4so_4core4iter8adapters5chainINtB5_5ChainINtNtB7_7flatten7FlattenINtNtBb_6option8IntoIterNtNtBb_4char11EscapeDebugEEINtB13_7FlatMapNtNtNtBb_3str4iter5CharsB1M_NtB2w_23CharEscapeDebugContinueEENtNtBb_5clone5Clone5cloneBb_+0x7e): undefined reference to `memcpy'
          /usr/bin/ld: /home/sharon/.rustup/toolchains/nightly-x86_64-unknown-linux-gnu/lib/rustlib/src/rust/library/core/src/iter/adapters/chain.rs:20:(.text._RNvXs4_NtNtNtCs7oF28gBu4so_4core4iter8adapters5chainINtB5_5ChainINtNtB7_7flatten7FlattenINtNtBb_6option8IntoIterNtNtBb_4char11EscapeDebugEEINtB13_7FlatMapNtNtNtBb_3str4iter5CharsB1M_NtB2w_23CharEscapeDebugContinueEENtNtBb_5clone5Clone5cloneBb_+0xa1): undefined reference to `memcpy'
          /usr/bin/ld: /home/sharon/my-rust-os/target/i686-my_rust_os/debug/deps/libcore-93390be41a2aa0c1.rlib(core-93390be41a2aa0c1.core.562a9aaaf6e26a52-cgu.13.rcgu.o): in function `<char as core::fmt::Display>::fmt':
          /home/sharon/.rustup/toolchains/nightly-x86_64-unknown-linux-gnu/lib/rustlib/src/rust/library/core/src/fmt/mod.rs:2993:(.text._RNvXsk_NtCs7oF28gBu4so_4core3fmtcNtB5_7Display3fmt+0x59): undefined reference to `memset'
          /usr/bin/ld: /home/sharon/my-rust-os/target/i686-my_rust_os/debug/deps/libcore-93390be41a2aa0c1.rlib(core-93390be41a2aa0c1.core.562a9aaaf6e26a52-cgu.14.rcgu.o): in function `core::net::socket_addr::SocketAddr::V6':
          /home/sharon/.rustup/toolchains/nightly-x86_64-unknown-linux-gnu/lib/rustlib/src/rust/library/core/src/net/socket_addr.rs:39:(.text._RNcNtNtNtNtCs7oF28gBu4so_4core3net11socket_addr10SocketAddr2V60B9_+0x35): undefined reference to `memcpy'
          /usr/bin/ld: /home/sharon/my-rust-os/target/i686-my_rust_os/debug/deps/libcore-93390be41a2aa0c1.rlib(core-93390be41a2aa0c1.core.562a9aaaf6e26a52-cgu.14.rcgu.o): in function `<core::net::display_buffer::DisplayBuffer<21>>::new':
          /home/sharon/.rustup/toolchains/nightly-x86_64-unknown-linux-gnu/lib/rustlib/src/rust/library/core/src/net/display_buffer.rs:13:(.text._RNvMNtNtCs7oF28gBu4so_4core3net14display_bufferINtB2_13DisplayBufferKj15_E3newB6_+0x33): undefined reference to `memset'
          /usr/bin/ld: /home/sharon/.rustup/toolchains/nightly-x86_64-unknown-linux-gnu/lib/rustlib/src/rust/library/core/src/net/display_buffer.rs:13:(.text._RNvMNtNtCs7oF28gBu4so_4core3net14display_bufferINtB2_13DisplayBufferKj15_E3newB6_+0x56): undefined reference to `memcpy'
          /usr/bin/ld: /home/sharon/my-rust-os/target/i686-my_rust_os/debug/deps/libcore-93390be41a2aa0c1.rlib(core-93390be41a2aa0c1.core.562a9aaaf6e26a52-cgu.14.rcgu.o): in function `<core::net::display_buffer::DisplayBuffer<39>>::new':
          /home/sharon/.rustup/toolchains/nightly-x86_64-unknown-linux-gnu/lib/rustlib/src/rust/library/core/src/net/display_buffer.rs:13:(.text._RNvMNtNtCs7oF28gBu4so_4core3net14display_bufferINtB2_13DisplayBufferKj27_E3newB6_+0x33): undefined reference to `memset'
          /usr/bin/ld: /home/sharon/.rustup/toolchains/nightly-x86_64-unknown-linux-gnu/lib/rustlib/src/rust/library/core/src/net/display_buffer.rs:13:(.text._RNvMNtNtCs7oF28gBu4so_4core3net14display_bufferINtB2_13DisplayBufferKj27_E3newB6_+0x56): undefined reference to `memcpy'
          /usr/bin/ld: /home/sharon/my-rust-os/target/i686-my_rust_os/debug/deps/libcore-93390be41a2aa0c1.rlib(core-93390be41a2aa0c1.core.562a9aaaf6e26a52-cgu.14.rcgu.o): in function `<core::net::display_buffer::DisplayBuffer<58>>::new':
          /home/sharon/.rustup/toolchains/nightly-x86_64-unknown-linux-gnu/lib/rustlib/src/rust/library/core/src/net/display_buffer.rs:13:(.text._RNvMNtNtCs7oF28gBu4so_4core3net14display_bufferINtB2_13DisplayBufferKj3a_E3newB6_+0x33): undefined reference to `memset'
          /usr/bin/ld: /home/sharon/.rustup/toolchains/nightly-x86_64-unknown-linux-gnu/lib/rustlib/src/rust/library/core/src/net/display_buffer.rs:13:(.text._RNvMNtNtCs7oF28gBu4so_4core3net14display_bufferINtB2_13DisplayBufferKj3a_E3newB6_+0x56): undefined reference to `memcpy'
          /usr/bin/ld: /home/sharon/my-rust-os/target/i686-my_rust_os/debug/deps/libcore-93390be41a2aa0c1.rlib(core-93390be41a2aa0c1.core.562a9aaaf6e26a52-cgu.14.rcgu.o): in function `<core::net::display_buffer::DisplayBuffer<15>>::new':
          /home/sharon/.rustup/toolchains/nightly-x86_64-unknown-linux-gnu/lib/rustlib/src/rust/library/core/src/net/display_buffer.rs:13:(.text._RNvMNtNtCs7oF28gBu4so_4core3net14display_bufferINtB2_13DisplayBufferKjf_E3newB6_+0x2f): undefined reference to `memset'
          /usr/bin/ld: /home/sharon/my-rust-os/target/i686-my_rust_os/debug/deps/libcore-93390be41a2aa0c1.rlib(core-93390be41a2aa0c1.core.562a9aaaf6e26a52-cgu.14.rcgu.o): in function `<core::iter::adapters::fuse::Fuse<core::option::IntoIter<core::char::EscapeDebug>>>::new':
          /home/sharon/.rustup/toolchains/nightly-x86_64-unknown-linux-gnu/lib/rustlib/src/rust/library/core/src/iter/adapters/fuse.rs:25:(.text._RNvMNtNtNtCs7oF28gBu4so_4core4iter8adapters4fuseINtB2_4FuseINtNtB8_6option8IntoIterNtNtB8_4char11EscapeDebugEE3newB8_+0x38): undefined reference to `memcpy'
          /usr/bin/ld: /home/sharon/.rustup/toolchains/nightly-x86_64-unknown-linux-gnu/lib/rustlib/src/rust/library/core/src/iter/adapters/fuse.rs:25:(.text._RNvMNtNtNtCs7oF28gBu4so_4core4iter8adapters4fuseINtB2_4FuseINtNtB8_6option8IntoIterNtNtB8_4char11EscapeDebugEE3newB8_+0x58): undefined reference to `memcpy'
          /usr/bin/ld: /home/sharon/my-rust-os/target/i686-my_rust_os/debug/deps/libcore-93390be41a2aa0c1.rlib(core-93390be41a2aa0c1.core.562a9aaaf6e26a52-cgu.14.rcgu.o): in function `core::num::imp::flt2dec::strategy::grisu::format_exact_opt':
          /home/sharon/.rustup/toolchains/nightly-x86_64-unknown-linux-gnu/lib/rustlib/src/rust/library/core/src/num/imp/flt2dec/strategy/grisu.rs:504:(.text._RNvNtNtNtNtNtCs7oF28gBu4so_4core3num3imp7flt2dec8strategy5grisu16format_exact_opt+0x58e): undefined reference to `memcpy'
          /usr/bin/ld: /home/sharon/my-rust-os/target/i686-my_rust_os/debug/deps/libcore-93390be41a2aa0c1.rlib(core-93390be41a2aa0c1.core.562a9aaaf6e26a52-cgu.14.rcgu.o): in function `<core::str::iter::SplitInclusive<char> as core::iter::traits::collect::IntoIterator>::into_iter':
          /home/sharon/.rustup/toolchains/nightly-x86_64-unknown-linux-gnu/lib/rustlib/src/rust/library/core/src/iter/traits/collect.rs:323:(.text._RNvXNtNtNtCs7oF28gBu4so_4core4iter6traits7collectINtNtNtB8_3str4iter14SplitInclusivecENtB2_12IntoIterator9into_iterB8_+0x2e): undefined reference to `memcpy'
          /usr/bin/ld: /home/sharon/my-rust-os/target/i686-my_rust_os/debug/deps/libcore-93390be41a2aa0c1.rlib(core-93390be41a2aa0c1.core.562a9aaaf6e26a52-cgu.14.rcgu.o): in function `<core::str::iter::EscapeDebug as core::clone::Clone>::clone':
          /home/sharon/.rustup/toolchains/nightly-x86_64-unknown-linux-gnu/lib/rustlib/src/rust/library/core/src/str/iter.rs:1543:(.text._RNvXs1U_NtNtCs7oF28gBu4so_4core3str4iterNtB6_11EscapeDebugNtNtBa_5clone5Clone5cloneBa_+0x5c): undefined reference to `memcpy'
          /usr/bin/ld: /home/sharon/my-rust-os/target/i686-my_rust_os/debug/deps/libcore-93390be41a2aa0c1.rlib(core-93390be41a2aa0c1.core.562a9aaaf6e26a52-cgu.14.rcgu.o):/home/sharon/.rustup/toolchains/nightly-x86_64-unknown-linux-gnu/lib/rustlib/src/rust/library/core/src/str/iter.rs:1553: more undefined references to `memcpy' follow
          /usr/bin/ld: /home/sharon/my-rust-os/target/i686-my_rust_os/debug/deps/libcore-93390be41a2aa0c1.rlib(core-93390be41a2aa0c1.core.562a9aaaf6e26a52-cgu.14.rcgu.o): in function `<core::net::display_buffer::DisplayBuffer<21> as core::fmt::Write>::write_char':
          /home/sharon/.rustup/toolchains/nightly-x86_64-unknown-linux-gnu/lib/rustlib/src/rust/library/core/src/fmt/mod.rs:186:(.text._RNvYINtNtNtCs7oF28gBu4so_4core3net14display_buffer13DisplayBufferKj15_ENtNtB9_3fmt5Write10write_charB9_+0x3e): undefined reference to `memset'
          /usr/bin/ld: /home/sharon/my-rust-os/target/i686-my_rust_os/debug/deps/libcore-93390be41a2aa0c1.rlib(core-93390be41a2aa0c1.core.562a9aaaf6e26a52-cgu.14.rcgu.o): in function `<core::net::display_buffer::DisplayBuffer<39> as core::fmt::Write>::write_char':
          /home/sharon/.rustup/toolchains/nightly-x86_64-unknown-linux-gnu/lib/rustlib/src/rust/library/core/src/fmt/mod.rs:186:(.text._RNvYINtNtNtCs7oF28gBu4so_4core3net14display_buffer13DisplayBufferKj27_ENtNtB9_3fmt5Write10write_charB9_+0x3e): undefined reference to `memset'
          /usr/bin/ld: /home/sharon/my-rust-os/target/i686-my_rust_os/debug/deps/libcore-93390be41a2aa0c1.rlib(core-93390be41a2aa0c1.core.562a9aaaf6e26a52-cgu.14.rcgu.o): in function `<core::net::display_buffer::DisplayBuffer<58> as core::fmt::Write>::write_char':
          /home/sharon/.rustup/toolchains/nightly-x86_64-unknown-linux-gnu/lib/rustlib/src/rust/library/core/src/fmt/mod.rs:186:(.text._RNvYINtNtNtCs7oF28gBu4so_4core3net14display_buffer13DisplayBufferKj3a_ENtNtB9_3fmt5Write10write_charB9_+0x3e): undefined reference to `memset'
          /usr/bin/ld: /home/sharon/my-rust-os/target/i686-my_rust_os/debug/deps/libcore-93390be41a2aa0c1.rlib(core-93390be41a2aa0c1.core.562a9aaaf6e26a52-cgu.14.rcgu.o): in function `<core::net::display_buffer::DisplayBuffer<15> as core::fmt::Write>::write_char':
          /home/sharon/.rustup/toolchains/nightly-x86_64-unknown-linux-gnu/lib/rustlib/src/rust/library/core/src/fmt/mod.rs:186:(.text._RNvYINtNtNtCs7oF28gBu4so_4core3net14display_buffer13DisplayBufferKjf_ENtNtB9_3fmt5Write10write_charB9_+0x3e): undefined reference to `memset'
          /usr/bin/ld: /home/sharon/my-rust-os/target/i686-my_rust_os/debug/deps/libcore-93390be41a2aa0c1.rlib(core-93390be41a2aa0c1.core.562a9aaaf6e26a52-cgu.00.rcgu.o): in function `<usize>::repeat_u8':
          /home/sharon/.rustup/toolchains/nightly-x86_64-unknown-linux-gnu/lib/rustlib/src/rust/library/core/src/num/mod.rs:1482:(.text._RNvMsa_NtCs7oF28gBu4so_4core3numj9repeat_u8B7_+0x2f): undefined reference to `memset'
          /usr/bin/ld: /home/sharon/my-rust-os/target/i686-my_rust_os/debug/deps/libcore-93390be41a2aa0c1.rlib(core-93390be41a2aa0c1.core.562a9aaaf6e26a52-cgu.01.rcgu.o):/home/sharon/.rustup/toolchains/nightly-x86_64-unknown-linux-gnu/lib/rustlib/src/rust/library/core/src/num/imp/bignum.rs:92: more undefined references to `memset' follow
          /usr/bin/ld: /home/sharon/my-rust-os/target/i686-my_rust_os/debug/deps/libcore-93390be41a2aa0c1.rlib(core-93390be41a2aa0c1.core.562a9aaaf6e26a52-cgu.01.rcgu.o): in function `<core::num::imp::bignum::tests::Big8x3>::add':
          /home/sharon/.rustup/toolchains/nightly-x86_64-unknown-linux-gnu/lib/rustlib/src/rust/library/core/src/num/imp/bignum.rs:150:(.text._RNvMNtNtNtNtCs7oF28gBu4so_4core3num3imp6bignum5testsNtB2_6Big8x33add+0xf8): undefined reference to `memcpy'
          /usr/bin/ld: /home/sharon/my-rust-os/target/i686-my_rust_os/debug/deps/libcore-93390be41a2aa0c1.rlib(core-93390be41a2aa0c1.core.562a9aaaf6e26a52-cgu.01.rcgu.o): in function `<core::num::imp::bignum::tests::Big8x3>::sub':
          /home/sharon/.rustup/toolchains/nightly-x86_64-unknown-linux-gnu/lib/rustlib/src/rust/library/core/src/num/imp/bignum.rs:185:(.text._RNvMNtNtNtNtCs7oF28gBu4so_4core3num3imp6bignum5testsNtB2_6Big8x33sub+0xfd): undefined reference to `memcpy'
          /usr/bin/ld: /home/sharon/my-rust-os/target/i686-my_rust_os/debug/deps/libcore-93390be41a2aa0c1.rlib(core-93390be41a2aa0c1.core.562a9aaaf6e26a52-cgu.01.rcgu.o): in function `<core::num::imp::bignum::tests::Big8x3>::from_u64':
          /home/sharon/.rustup/toolchains/nightly-x86_64-unknown-linux-gnu/lib/rustlib/src/rust/library/core/src/num/imp/bignum.rs:99:(.text._RNvMNtNtNtNtCs7oF28gBu4so_4core3num3imp6bignum5testsNtB2_6Big8x38from_u64+0x43): undefined reference to `memset'
          /usr/bin/ld: /home/sharon/my-rust-os/target/i686-my_rust_os/debug/deps/libcore-93390be41a2aa0c1.rlib(core-93390be41a2aa0c1.core.562a9aaaf6e26a52-cgu.01.rcgu.o): in function `<core::num::imp::bignum::tests::Big8x3>::mul_pow5':
          /home/sharon/.rustup/toolchains/nightly-x86_64-unknown-linux-gnu/lib/rustlib/src/rust/library/core/src/num/imp/bignum.rs:259:(.text._RNvMNtNtNtNtCs7oF28gBu4so_4core3num3imp6bignum5testsNtB2_6Big8x38mul_pow5+0x4a): undefined reference to `memcpy'
          /usr/bin/ld: /home/sharon/my-rust-os/target/i686-my_rust_os/debug/deps/libcore-93390be41a2aa0c1.rlib(core-93390be41a2aa0c1.core.562a9aaaf6e26a52-cgu.01.rcgu.o): in function `<core::net::socket_addr::SocketAddr::V6 as core::ops::function::FnOnce<(core::net::socket_addr::SocketAddrV6,)>>::call_once':
          /home/sharon/.rustup/toolchains/nightly-x86_64-unknown-linux-gnu/lib/rustlib/src/rust/library/core/src/ops/function.rs:250:(.text._RNvYNcNtNtNtNtCs7oF28gBu4so_4core3net11socket_addr10SocketAddr2V60INtNtNtBc_3ops8function6FnOnceTNtB8_12SocketAddrV6EE9call_onceBc_+0x38): undefined reference to `memcpy'
          /usr/bin/ld: /home/sharon/my-rust-os/target/i686-my_rust_os/debug/deps/libcore-93390be41a2aa0c1.rlib(core-93390be41a2aa0c1.core.562a9aaaf6e26a52-cgu.03.rcgu.o): in function `core::fmt::num::exp_u128':
          /home/sharon/.rustup/toolchains/nightly-x86_64-unknown-linux-gnu/lib/rustlib/src/rust/library/core/src/fmt/num.rs:457:(.text._RNvNtNtCs7oF28gBu4so_4core3fmt3num8exp_u128+0x23ba): undefined reference to `memset'
          /usr/bin/ld: /home/sharon/.rustup/toolchains/nightly-x86_64-unknown-linux-gnu/lib/rustlib/src/rust/library/core/src/fmt/num.rs:477:(.text._RNvNtNtCs7oF28gBu4so_4core3fmt3num8exp_u128+0x4efb): undefined reference to `memcpy'
          /usr/bin/ld: /home/sharon/my-rust-os/target/i686-my_rust_os/debug/deps/libcore-93390be41a2aa0c1.rlib(core-93390be41a2aa0c1.core.562a9aaaf6e26a52-cgu.03.rcgu.o): in function `<usize as core::fmt::Binary>::fmt':
          /home/sharon/.rustup/toolchains/nightly-x86_64-unknown-linux-gnu/lib/rustlib/src/rust/library/core/src/fmt/num.rs:27:(.text._RNvXs2_NtNtCs7oF28gBu4so_4core3fmt3numjNtB7_6Binary3fmt+0x41): undefined reference to `memset'
          /usr/bin/ld: /home/sharon/my-rust-os/target/i686-my_rust_os/debug/deps/libcore-93390be41a2aa0c1.rlib(core-93390be41a2aa0c1.core.562a9aaaf6e26a52-cgu.03.rcgu.o): in function `<usize as core::fmt::Octal>::fmt':
          /home/sharon/.rustup/toolchains/nightly-x86_64-unknown-linux-gnu/lib/rustlib/src/rust/library/core/src/fmt/num.rs:27:(.text._RNvXs4_NtNtCs7oF28gBu4so_4core3fmt3numjNtB7_5Octal3fmt+0x38): undefined reference to `memset'
          /usr/bin/ld: /home/sharon/my-rust-os/target/i686-my_rust_os/debug/deps/libcore-93390be41a2aa0c1.rlib(core-93390be41a2aa0c1.core.562a9aaaf6e26a52-cgu.03.rcgu.o): in function `<usize as core::fmt::LowerHex>::fmt':
          /home/sharon/.rustup/toolchains/nightly-x86_64-unknown-linux-gnu/lib/rustlib/src/rust/library/core/src/fmt/num.rs:27:(.text._RNvXs6_NtNtCs7oF28gBu4so_4core3fmt3numjNtB7_8LowerHex3fmt+0x38): undefined reference to `memset'
          /usr/bin/ld: /home/sharon/my-rust-os/target/i686-my_rust_os/debug/deps/libcore-93390be41a2aa0c1.rlib(core-93390be41a2aa0c1.core.562a9aaaf6e26a52-cgu.03.rcgu.o): in function `<usize as core::fmt::UpperHex>::fmt':
          /home/sharon/.rustup/toolchains/nightly-x86_64-unknown-linux-gnu/lib/rustlib/src/rust/library/core/src/fmt/num.rs:27:(.text._RNvXs8_NtNtCs7oF28gBu4so_4core3fmt3numjNtB7_8UpperHex3fmt+0x38): undefined reference to `memset'
          /usr/bin/ld: /home/sharon/my-rust-os/target/i686-my_rust_os/debug/deps/libcore-93390be41a2aa0c1.rlib(core-93390be41a2aa0c1.core.562a9aaaf6e26a52-cgu.03.rcgu.o): in function `<u8 as core::fmt::Binary>::fmt':
          /home/sharon/.rustup/toolchains/nightly-x86_64-unknown-linux-gnu/lib/rustlib/src/rust/library/core/src/fmt/num.rs:27:(.text._RNvXsa_NtNtCs7oF28gBu4so_4core3fmt3numhNtB7_6Binary3fmt+0x38): undefined reference to `memset'
          /usr/bin/ld: /home/sharon/my-rust-os/target/i686-my_rust_os/debug/deps/libcore-93390be41a2aa0c1.rlib(core-93390be41a2aa0c1.core.562a9aaaf6e26a52-cgu.03.rcgu.o):/home/sharon/.rustup/toolchains/nightly-x86_64-unknown-linux-gnu/lib/rustlib/src/rust/library/core/src/fmt/num.rs:27: more undefined references to `memset' follow
          /usr/bin/ld: /home/sharon/my-rust-os/target/i686-my_rust_os/debug/deps/libcompiler_builtins-2355259cd6315ccd.rlib(compiler_builtins-2355259cd6315ccd.compiler_builtins.867805f30f3d70c-cgu.03.rcgu.o): in function `compiler_builtins::math::libm_math::atan::atan':
          /home/sharon/.rustup/toolchains/nightly-x86_64-unknown-linux-gnu/lib/rustlib/src/rust/library/compiler-builtins/compiler-builtins/src/math/../../../libm/src/math/atan.rs:121:(.text._RNvNtNtNtCsIJCOPol3oS_17compiler_builtins4math9libm_math4atan4atan+0x228): undefined reference to `memcpy'
          /usr/bin/ld: /home/sharon/.rustup/toolchains/nightly-x86_64-unknown-linux-gnu/lib/rustlib/src/rust/library/compiler-builtins/compiler-builtins/src/math/../../../libm/src/math/atan.rs:121:(.text._RNvNtNtNtCsIJCOPol3oS_17compiler_builtins4math9libm_math4atan4atan+0x25f): undefined reference to `memcpy'
          /usr/bin/ld: /home/sharon/.rustup/toolchains/nightly-x86_64-unknown-linux-gnu/lib/rustlib/src/rust/library/compiler-builtins/compiler-builtins/src/math/../../../libm/src/math/atan.rs:121:(.text._RNvNtNtNtCsIJCOPol3oS_17compiler_builtins4math9libm_math4atan4atan+0x296): undefined reference to `memcpy'
          /usr/bin/ld: /home/sharon/.rustup/toolchains/nightly-x86_64-unknown-linux-gnu/lib/rustlib/src/rust/library/compiler-builtins/compiler-builtins/src/math/../../../libm/src/math/atan.rs:121:(.text._RNvNtNtNtCsIJCOPol3oS_17compiler_builtins4math9libm_math4atan4atan+0x2cd): undefined reference to `memcpy'
          /usr/bin/ld: /home/sharon/.rustup/toolchains/nightly-x86_64-unknown-linux-gnu/lib/rustlib/src/rust/library/compiler-builtins/compiler-builtins/src/math/../../../libm/src/math/atan.rs:121:(.text._RNvNtNtNtCsIJCOPol3oS_17compiler_builtins4math9libm_math4atan4atan+0x304): undefined reference to `memcpy'
          /usr/bin/ld: /home/sharon/my-rust-os/target/i686-my_rust_os/debug/deps/libcompiler_builtins-2355259cd6315ccd.rlib(compiler_builtins-2355259cd6315ccd.compiler_builtins.867805f30f3d70c-cgu.03.rcgu.o):/home/sharon/.rustup/toolchains/nightly-x86_64-unknown-linux-gnu/lib/rustlib/src/rust/library/compiler-builtins/compiler-builtins/src/math/../../../libm/src/math/atan.rs:121: more undefined references to `memcpy' follow
          /usr/bin/ld: /home/sharon/my-rust-os/target/i686-my_rust_os/debug/deps/libcompiler_builtins-2355259cd6315ccd.rlib(compiler_builtins-2355259cd6315ccd.compiler_builtins.867805f30f3d70c-cgu.09.rcgu.o): in function `compiler_builtins::math::libm_math::arch::x86::detect::load_x86_features':
          /home/sharon/.rustup/toolchains/nightly-x86_64-unknown-linux-gnu/lib/rustlib/src/rust/library/compiler-builtins/compiler-builtins/src/math/../../../libm/src/math/arch/x86/detect.rs:60:(.text._RNvNtNtNtNtNtCsIJCOPol3oS_17compiler_builtins4math9libm_math4arch3x866detect17load_x86_features+0x3f): undefined reference to `memset'
          /usr/bin/ld: /home/sharon/my-rust-os/target/i686-my_rust_os/debug/deps/libcompiler_builtins-2355259cd6315ccd.rlib(compiler_builtins-2355259cd6315ccd.compiler_builtins.867805f30f3d70c-cgu.10.rcgu.o): in function `<core::mem::maybe_dangling::MaybeDangling<core::array::iter::iter_inner::PolymorphicIter<[core::mem::maybe_uninit::MaybeUninit<(f64, f64)>; 7]>>>::new':
          /home/sharon/.rustup/toolchains/nightly-x86_64-unknown-linux-gnu/lib/rustlib/src/rust/library/core/src/mem/maybe_dangling.rs:81:(.text._RNvMNtNtCs7oF28gBu4so_4core3mem14maybe_danglingINtB2_13MaybeDanglingINtNtNtNtB6_5array4iter10iter_inner15PolymorphicIterAINtNtB4_12maybe_uninit11MaybeUninitTddEEj7_EE3newCsIJCOPol3oS_17compiler_builtins+0x2e): undefined reference to `memcpy'
          /usr/bin/ld: /home/sharon/my-rust-os/target/i686-my_rust_os/debug/deps/libcompiler_builtins-2355259cd6315ccd.rlib(compiler_builtins-2355259cd6315ccd.compiler_builtins.867805f30f3d70c-cgu.11.rcgu.o): in function `core::ptr::copy_nonoverlapping::<u8>':
          /home/sharon/.rustup/toolchains/nightly-x86_64-unknown-linux-gnu/lib/rustlib/src/rust/library/core/src/ptr/mod.rs:551:(.text._RINvNtCs7oF28gBu4so_4core5slice20copy_from_slice_implhECsIJCOPol3oS_17compiler_builtins+0xde): undefined reference to `memcpy'
          /usr/bin/ld: /home/sharon/my-rust-os/target/i686-my_rust_os/debug/deps/libcompiler_builtins-2355259cd6315ccd.rlib(compiler_builtins-2355259cd6315ccd.compiler_builtins.867805f30f3d70c-cgu.11.rcgu.o): in function `<u8 as core::array::equality::SpecArrayEq<u8, 12>>::spec_eq':
          /home/sharon/.rustup/toolchains/nightly-x86_64-unknown-linux-gnu/lib/rustlib/src/rust/library/core/src/array/equality.rs:157:(.text._RNvXs7_NtNtCs7oF28gBu4so_4core5array8equalityhINtB5_11SpecArrayEqhKjc_E7spec_eqCsIJCOPol3oS_17compiler_builtins+0x28): undefined reference to `memcmp'
          /usr/bin/ld: /home/sharon/my-rust-os/target/i686-my_rust_os/debug/deps/libcompiler_builtins-2355259cd6315ccd.rlib(compiler_builtins-2355259cd6315ccd.compiler_builtins.867805f30f3d70c-cgu.11.rcgu.o): in function `<[(f64, f64); 7] as core::iter::traits::collect::IntoIterator>::into_iter':
          /home/sharon/.rustup/toolchains/nightly-x86_64-unknown-linux-gnu/lib/rustlib/src/rust/library/core/src/array/iter.rs:70:(.text._RNvXs_NtNtCs7oF28gBu4so_4core5array4iterATddEj7_NtNtNtNtB8_4iter6traits7collect12IntoIterator9into_iterCsIJCOPol3oS_17compiler_builtins+0x42): undefined reference to `memcpy'
          /usr/bin/ld: /home/sharon/.rustup/toolchains/nightly-x86_64-unknown-linux-gnu/lib/rustlib/src/rust/library/core/src/array/iter.rs:73:(.text._RNvXs_NtNtCs7oF28gBu4so_4core5array4iterATddEj7_NtNtNtNtB8_4iter6traits7collect12IntoIterator9into_iterCsIJCOPol3oS_17compiler_builtins+0x7d): undefined reference to `memcpy'
          /usr/bin/ld: /home/sharon/.rustup/toolchains/nightly-x86_64-unknown-linux-gnu/lib/rustlib/src/rust/library/core/src/array/iter.rs:74:(.text._RNvXs_NtNtCs7oF28gBu4so_4core5array4iterATddEj7_NtNtNtNtB8_4iter6traits7collect12IntoIterator9into_iterCsIJCOPol3oS_17compiler_builtins+0xd4): undefined reference to `memcpy'
          /usr/bin/ld: /home/sharon/my-rust-os/target/i686-my_rust_os/debug/deps/libcompiler_builtins-2355259cd6315ccd.rlib(compiler_builtins-2355259cd6315ccd.compiler_builtins.867805f30f3d70c-cgu.11.rcgu.o): in function `<core::mem::manually_drop::ManuallyDrop<core::array::iter::iter_inner::PolymorphicIter<[core::mem::maybe_uninit::MaybeUninit<(f64, f64)>; 7]>>>::new':
          /home/sharon/.rustup/toolchains/nightly-x86_64-unknown-linux-gnu/lib/rustlib/src/rust/library/core/src/mem/manually_drop.rs:182:(.text._RNvXs_NtNtCs7oF28gBu4so_4core5array4iterATddEj7_NtNtNtNtB8_4iter6traits7collect12IntoIterator9into_iterCsIJCOPol3oS_17compiler_builtins+0xfa): undefined reference to `memcpy'
          /usr/bin/ld: /home/sharon/.rustup/toolchains/nightly-x86_64-unknown-linux-gnu/lib/rustlib/src/rust/library/core/src/mem/manually_drop.rs:182:(.text._RNvXs_NtNtCs7oF28gBu4so_4core5array4iterATddEj7_NtNtNtNtB8_4iter6traits7collect12IntoIterator9into_iterCsIJCOPol3oS_17compiler_builtins+0x141): undefined reference to `memcpy'
          /usr/bin/ld: /home/sharon/my-rust-os/target/i686-my_rust_os/debug/deps/libcompiler_builtins-2355259cd6315ccd.rlib(compiler_builtins-2355259cd6315ccd.compiler_builtins.867805f30f3d70c-cgu.11.rcgu.o):/home/sharon/.rustup/toolchains/nightly-x86_64-unknown-linux-gnu/lib/rustlib/src/rust/library/core/src/array/iter.rs:74: more undefined references to `memcpy' follow
          /usr/bin/ld: /home/sharon/my-rust-os/target/i686-my_rust_os/debug/deps/libcompiler_builtins-2355259cd6315ccd.rlib(compiler_builtins-2355259cd6315ccd.compiler_builtins.867805f30f3d70c-cgu.14.rcgu.o): in function `compiler_builtins::math::libm_math::rem_pio2_large::rem_pio2_large':
          /home/sharon/.rustup/toolchains/nightly-x86_64-unknown-linux-gnu/lib/rustlib/src/rust/library/compiler-builtins/compiler-builtins/src/math/../../../libm/src/math/rem_pio2_large.rs:252:(.text._RNvNtNtNtCsIJCOPol3oS_17compiler_builtins4math9libm_math14rem_pio2_large14rem_pio2_large+0x21b): undefined reference to `memset'
          collect2: error: ld returned 1 exit status
          
  = note: some `extern` functions couldn't be found; some native libraries may need to be installed or have their path specified
  = note: use the `-l` flag to specify native libraries to link
  = note: use the `cargo:rustc-link-lib` directive to specify the native libraries to link with Cargo (see https://doc.rust-lang.org/cargo/reference/build-scripts.html#rustc-link-lib)

warning: `my_rust_os` (bin "my_rust_os") generated 2 warnings
error: could not compile `my_rust_os` (bin "my_rust_os") due to 1 previous error; 2 warnings emitted
